Using pre-set license
Built from '2022.3/release' branch; Version is '2022.3.20f1 (61c2feb0970d) revision 6406910'; Using compiler version '192829333'; Build Type 'Release'
OS: 'Windows 11  (10.0.22631) 64bit Core' Language: 'en' Physical Memory: 16129 MB
BatchMode: 1, IsHumanControllingUs: 0, StartBugReporterOnCrash: 0, Is64bit: 1, IsPro: 1

COMMAND LINE ARGUMENTS:
C:\Program Files\Unity\Hub\Editor\2022.3.20f1\Editor\Unity.exe
-adb2
-batchMode
-noUpm
-name
AssetImportWorker1
-projectPath
C:/workspace/frostyfields/Frosty Fields
-logFile
Logs/AssetImportWorker1.log
-srvPort
58126
Successfully changed project path to: C:/workspace/frostyfields/Frosty Fields
C:/workspace/frostyfields/Frosty Fields
[UnityMemory] Configuration Parameters - Can be set up in boot.config
    "memorysetup-bucket-allocator-granularity=16"
    "memorysetup-bucket-allocator-bucket-count=8"
    "memorysetup-bucket-allocator-block-size=33554432"
    "memorysetup-bucket-allocator-block-count=8"
    "memorysetup-main-allocator-block-size=16777216"
    "memorysetup-thread-allocator-block-size=16777216"
    "memorysetup-gfx-main-allocator-block-size=16777216"
    "memorysetup-gfx-thread-allocator-block-size=16777216"
    "memorysetup-cache-allocator-block-size=4194304"
    "memorysetup-typetree-allocator-block-size=2097152"
    "memorysetup-profiler-bucket-allocator-granularity=16"
    "memorysetup-profiler-bucket-allocator-bucket-count=8"
    "memorysetup-profiler-bucket-allocator-block-size=33554432"
    "memorysetup-profiler-bucket-allocator-block-count=8"
    "memorysetup-profiler-allocator-block-size=16777216"
    "memorysetup-profiler-editor-allocator-block-size=1048576"
    "memorysetup-temp-allocator-size-main=16777216"
    "memorysetup-job-temp-allocator-block-size=2097152"
    "memorysetup-job-temp-allocator-block-size-background=1048576"
    "memorysetup-job-temp-allocator-reduction-small-platforms=262144"
    "memorysetup-allocator-temp-initial-block-size-main=262144"
    "memorysetup-allocator-temp-initial-block-size-worker=262144"
    "memorysetup-temp-allocator-size-background-worker=32768"
    "memorysetup-temp-allocator-size-job-worker=262144"
    "memorysetup-temp-allocator-size-preload-manager=33554432"
    "memorysetup-temp-allocator-size-nav-mesh-worker=65536"
    "memorysetup-temp-allocator-size-audio-worker=65536"
    "memorysetup-temp-allocator-size-cloud-worker=32768"
    "memorysetup-temp-allocator-size-gi-baking-worker=262144"
    "memorysetup-temp-allocator-size-gfx=262144"
Player connection [14656] Host "[IP] 192.168.2.101 [Port] 0 [Flags] 2 [Guid] 3623744837 [EditorId] 3623744837 [Version] 1048832 [Id] WindowsEditor(7,SamsungGalaxyS3) [Debug] 1 [PackageName] WindowsEditor [ProjectName] Editor" joined multi-casting on [225.0.0.222:54997]...

Player connection [14656] Host "[IP] 192.168.2.101 [Port] 0 [Flags] 2 [Guid] 3623744837 [EditorId] 3623744837 [Version] 1048832 [Id] WindowsEditor(7,SamsungGalaxyS3) [Debug] 1 [PackageName] WindowsEditor [ProjectName] Editor" joined alternative multi-casting on [225.0.0.222:34997]...

[Physics::Module] Initialized MultithreadedJobDispatcher with 11 workers.
Refreshing native plugins compatible for Editor in 5.16 ms, found 0 plugins.
Preloading 0 native plugins for Editor in 0.00 ms.
Initialize engine version: 2022.3.20f1 (61c2feb0970d)
[Subsystems] Discovering subsystems at path C:/Program Files/Unity/Hub/Editor/2022.3.20f1/Editor/Data/Resources/UnitySubsystems
[Subsystems] Discovering subsystems at path C:/workspace/frostyfields/Frosty Fields/Assets
GfxDevice: creating device client; threaded=0; jobified=0
Direct3D:
    Version:  Direct3D 11.0 [level 11.1]
    Renderer: NVIDIA GeForce GTX 1650 Ti (ID=0x1f95)
    Vendor:   NVIDIA
    VRAM:     3953 MB
    Driver:   31.0.15.4609
Initialize mono
Mono path[0] = 'C:/Program Files/Unity/Hub/Editor/2022.3.20f1/Editor/Data/Managed'
Mono path[1] = 'C:/Program Files/Unity/Hub/Editor/2022.3.20f1/Editor/Data/MonoBleedingEdge/lib/mono/unityjit-win32'
Mono config path = 'C:/Program Files/Unity/Hub/Editor/2022.3.20f1/Editor/Data/MonoBleedingEdge/etc'
Using monoOptions --debugger-agent=transport=dt_socket,embedding=1,server=y,suspend=n,address=127.0.0.1:56308
Begin MonoManager ReloadAssembly
Registering precompiled unity dll's ...
Register platform support module: C:/Program Files/Unity/Hub/Editor/2022.3.20f1/Editor/Data/PlaybackEngines/AndroidPlayer/UnityEditor.Android.Extensions.dll
Register platform support module: C:/Program Files/Unity/Hub/Editor/2022.3.20f1/Editor/Data/PlaybackEngines/WindowsStandaloneSupport/UnityEditor.WindowsStandalone.Extensions.dll
Registered in 0.009687 seconds.
- Loaded All Assemblies, in  0.718 seconds
Native extension for WindowsStandalone target not found
Native extension for Android target not found
Android Extension - Scanning For ADB Devices 442 ms
Mono: successfully reloaded assembly
- Finished resetting the current domain, in  1.075 seconds
Domain Reload Profiling: 1792ms
	BeginReloadAssembly (203ms)
		ExecutionOrderSort (0ms)
		DisableScriptedObjects (0ms)
		BackupInstance (0ms)
		ReleaseScriptingObjects (0ms)
		CreateAndSetChildDomain (1ms)
	RebuildCommonClasses (63ms)
	RebuildNativeTypeToScriptingClass (19ms)
	initialDomainReloadingComplete (91ms)
	LoadAllAssembliesAndSetupDomain (340ms)
		LoadAssemblies (203ms)
		RebuildTransferFunctionScriptingTraits (0ms)
		AnalyzeDomain (334ms)
			TypeCache.Refresh (332ms)
				TypeCache.ScanAssembly (307ms)
			ScanForSourceGeneratedMonoScriptInfo (1ms)
			ResolveRequiredComponents (1ms)
	FinalizeReload (1076ms)
		ReleaseScriptCaches (0ms)
		RebuildScriptCaches (0ms)
		SetupLoadedEditorAssemblies (952ms)
			LogAssemblyErrors (0ms)
			InitializePlatformSupportModulesInManaged (641ms)
			SetLoadedEditorAssemblies (9ms)
			RefreshPlugins (0ms)
			BeforeProcessingInitializeOnLoad (4ms)
			ProcessInitializeOnLoadAttributes (216ms)
			ProcessInitializeOnLoadMethodAttributes (81ms)
			AfterProcessingInitializeOnLoad (0ms)
			EditorAssembliesLoaded (0ms)
		ExecutionOrderSort2 (0ms)
		AwakeInstancesAfterBackupRestoration (0ms)
========================================================================
Worker process is ready to serve import requests
Begin MonoManager ReloadAssembly
- Loaded All Assemblies, in  0.889 seconds
Refreshing native plugins compatible for Editor in 3.61 ms, found 0 plugins.
Native extension for WindowsStandalone target not found
Native extension for Android target not found
Mono: successfully reloaded assembly
- Finished resetting the current domain, in  1.067 seconds
Domain Reload Profiling: 1954ms
	BeginReloadAssembly (265ms)
		ExecutionOrderSort (0ms)
		DisableScriptedObjects (12ms)
		BackupInstance (0ms)
		ReleaseScriptingObjects (0ms)
		CreateAndSetChildDomain (36ms)
	RebuildCommonClasses (74ms)
	RebuildNativeTypeToScriptingClass (22ms)
	initialDomainReloadingComplete (63ms)
	LoadAllAssembliesAndSetupDomain (462ms)
		LoadAssemblies (412ms)
		RebuildTransferFunctionScriptingTraits (0ms)
		AnalyzeDomain (189ms)
			TypeCache.Refresh (144ms)
				TypeCache.ScanAssembly (122ms)
			ScanForSourceGeneratedMonoScriptInfo (27ms)
			ResolveRequiredComponents (16ms)
	FinalizeReload (1068ms)
		ReleaseScriptCaches (0ms)
		RebuildScriptCaches (0ms)
		SetupLoadedEditorAssemblies (738ms)
			LogAssemblyErrors (0ms)
			InitializePlatformSupportModulesInManaged (41ms)
			SetLoadedEditorAssemblies (7ms)
			RefreshPlugins (0ms)
			BeforeProcessingInitializeOnLoad (153ms)
			ProcessInitializeOnLoadAttributes (346ms)
			ProcessInitializeOnLoadMethodAttributes (176ms)
			AfterProcessingInitializeOnLoad (13ms)
			EditorAssembliesLoaded (0ms)
		ExecutionOrderSort2 (0ms)
		AwakeInstancesAfterBackupRestoration (12ms)
Launched and connected shader compiler UnityShaderCompiler.exe after 0.07 seconds
Refreshing native plugins compatible for Editor in 3.40 ms, found 0 plugins.
Preloading 0 native plugins for Editor in 0.00 ms.
Unloading 3221 Unused Serialized files (Serialized files now loaded: 0)
Unloading 52 unused Assets / (351.6 KB). Loaded Objects now: 3698.
Memory consumption went from 174.0 MB to 173.7 MB.
Total: 9.743100 ms (FindLiveObjects: 0.455100 ms CreateObjectMapping: 0.577800 ms MarkObjects: 8.505300 ms  DeleteObjects: 0.203500 ms)

AssetImportParameters requested are different than current active one (requested -> active):
  custom:video-decoder-webm-vp8: 9c59270c3fd7afecdb556c50c9e8de78 -> 
  custom:SearchIndexIgnoredProperties: e643bd26f0fe6173181afceb89e7c659 -> 
  custom:container-demuxer-ogg: 62fdf1f143b41e24485cea50d1cbac27 -> 
  custom:AudioImporter_EditorPlatform: d09bf68614088b80899f8185d706f6e7 -> 
  custom:video-decoder-ogg-theora: a1e56fd34408186e4bbccfd4996cb3dc -> 
  custom:framework-win-MediaFoundation: 216162199b28c13a410421893ffa2e32 -> 
  custom:video-encoder-webm-vp8: eb34c28f22e8b96e1ab97ce403110664 -> 
  custom:audio-decoder-ogg-vorbis: bf7c407c2cedff20999df2af8eb42d56 -> 
  custom:CustomObjectIndexerAttribute: 62b5816608c3102f162a1797e29626cf -> 
  custom:container-demuxer-webm: 4f35f7cbe854078d1ac9338744f61a02 -> 
  custom:audio-encoder-webm-vorbis: bf7c407c2cedff20999df2af8eb42d56 -> 
  custom:container-muxer-webm: aa71ff27fc2769a1b78a27578f13a17b -> 
========================================================================
Received Import Request.
  Time since last request: 4104.120501 seconds.
  path: Assets/Animations/Indicator_NonActive.anim
  artifactKey: Guid(b1268e1832b034a45b22e2f78573ae8a) Importer(2089858483,0ecaa5967403d082aa24f35e1b516d23)
Start importing Assets/Animations/Indicator_NonActive.anim using Guid(b1268e1832b034a45b22e2f78573ae8a) Importer(2089858483,0ecaa5967403d082aa24f35e1b516d23) 
=================================================================
	Native Crash Reporting
=================================================================
Got a UNKNOWN while executing native code. This usually indicates
a fatal error in the mono runtime or one of the native libraries 
used by your application.
=================================================================

=================================================================
	Managed Stacktrace:
=================================================================
	  at <unknown> <0xffffffff>
	  at System.Reflection.RuntimePropertyInfo:get_property_info <0x000d4>
	  at System.Reflection.RuntimePropertyInfo:CachePropertyInfo <0x000ba>
	  at System.Reflection.RuntimePropertyInfo:get_PropertyType <0x0007a>
	  at UnityEditor.Rendering.Universal.MaterialReferenceBuilder:HasMaterialProperty <0x0008b>
	  at System.Linq.Enumerable:Any <0x002eb>
	  at <>c:<GetMaterialReferenceLookup>b__2_0 <0x0010a>
	  at WhereEnumerableIterator`1:MoveNext <0x00218>
	  at UnityEditor.Rendering.Universal.MaterialReferenceBuilder:GetMaterialReferenceLookup <0x008fe>
	  at UnityEditor.Rendering.Universal.MaterialReferenceBuilder:.cctor <0x0009a>
	  at System.Object:runtime_invoke_void <0x00184>
	  at <unknown> <0xffffffff>
	  at System.Object:__icall_wrapper_mono_generic_class_init <0x000c2>
	  at UnityEditor.Rendering.Universal.ConversionIndexers:ConversionIndexer <0x0012a>
	  at <Module>:invoke_void_CustomObjectIndexerTarget_ObjectIndexer <0x0038c>
	  at UnityEditor.Search.ObjectIndexer:CallCustomIndexers <0x00c19>
	  at UnityEditor.Search.ObjectIndexer:IndexCustomProperties <0x00232>
	  at UnityEditor.Search.AssetIndexer:IndexProperties <0x002b2>
	  at UnityEditor.Search.AssetIndexer:IndexDocument <0x0279a>
	  at UnityEditor.Search.SearchIndexEntryImporter:OnImportAsset <0x002b9>
	  at UnityEditor.AssetImporters.ScriptedImporter:GenerateAssetData <0x00084>
	  at <Module>:runtime_invoke_void__this___object <0x0018d>
=================================================================
Generated GUIDs only implemented for interfaces!
 -> (artifact id: 'd2765f6d5e11a1cb6ebaed404d25c506') in 0.509500 seconds
Number of updated asset objects reloaded before import = 0
Number of asset objects unloaded after import = 1
========================================================================
Received Import Request.
  Time since last request: 0.000050 seconds.
  path: Assets/Animations/Penguin_Idle2.anim
  artifactKey: Guid(2b35e2dc12944ad439c92fd417a5ea9c) Importer(2089858483,0ecaa5967403d082aa24f35e1b516d23)
Start importing Assets/Animations/Penguin_Idle2.anim using Guid(2b35e2dc12944ad439c92fd417a5ea9c) Importer(2089858483,0ecaa5967403d082aa24f35e1b516d23) Generated GUIDs only implemented for interfaces!
 -> (artifact id: '7b20bc7d476029802260abf6bd188700') in 0.045221 seconds
Number of updated asset objects reloaded before import = 0
Number of asset objects unloaded after import = 1
========================================================================
Received Import Request.
  Time since last request: 0.000022 seconds.
  path: Assets/Audio/burn.mp3
  artifactKey: Guid(00ad89bb4d46340b7a15d917e63204d9) Importer(2089858483,0ecaa5967403d082aa24f35e1b516d23)
Start importing Assets/Audio/burn.mp3 using Guid(00ad89bb4d46340b7a15d917e63204d9) Importer(2089858483,0ecaa5967403d082aa24f35e1b516d23) Generated GUIDs only implemented for interfaces!
 -> (artifact id: '639cb676368309fbfe42a952c8e48edc') in 0.239055 seconds
Number of updated asset objects reloaded before import = 0
Number of asset objects unloaded after import = 1
========================================================================
Received Import Request.
  Time since last request: 0.000029 seconds.
  path: Assets/Blender/fish.blend
  artifactKey: Guid(995d370387eb347c3935029dbd92816c) Importer(2089858483,0ecaa5967403d082aa24f35e1b516d23)
Start importing Assets/Blender/fish.blend using Guid(995d370387eb347c3935029dbd92816c) Importer(2089858483,0ecaa5967403d082aa24f35e1b516d23) Generated GUIDs only implemented for interfaces!
 -> (artifact id: 'a5e3022fed4eb3deed61d8bfe5916bcd') in 0.172861 seconds
Number of updated asset objects reloaded before import = 0
Number of asset objects unloaded after import = 9
========================================================================
Received Import Request.
  Time since last request: 0.000034 seconds.
  path: Assets/Blender/icewall.blend1
  artifactKey: Guid(2d33ae754bad74a4a805ef600dc94ec7) Importer(2089858483,0ecaa5967403d082aa24f35e1b516d23)
Start importing Assets/Blender/icewall.blend1 using Guid(2d33ae754bad74a4a805ef600dc94ec7) Importer(2089858483,0ecaa5967403d082aa24f35e1b516d23) Generated GUIDs only implemented for interfaces!
 -> (artifact id: 'ae3b5b4789ea3aaaee7addf942e9c5c7') in 0.017528 seconds
Number of updated asset objects reloaded before import = 0
Number of asset objects unloaded after import = 1
========================================================================
Received Import Request.
  Time since last request: 0.000052 seconds.
  path: Assets/Blender/penguin.fbx
  artifactKey: Guid(07ec6d01872e44eb28e1b38361db0362) Importer(2089858483,0ecaa5967403d082aa24f35e1b516d23)
Start importing Assets/Blender/penguin.fbx using Guid(07ec6d01872e44eb28e1b38361db0362) Importer(2089858483,0ecaa5967403d082aa24f35e1b516d23) Generated GUIDs only implemented for interfaces!
 -> (artifact id: 'c26499bad34b45967e984a3ce7c0e7ca') in 0.053019 seconds
Number of updated asset objects reloaded before import = 0
Number of asset objects unloaded after import = 48
========================================================================
Received Import Request.
  Time since last request: 0.000024 seconds.
  path: Assets/Blender/fire.blend1
  artifactKey: Guid(e9179cc5148124030b1990b2f1493273) Importer(2089858483,0ecaa5967403d082aa24f35e1b516d23)
Start importing Assets/Blender/fire.blend1 using Guid(e9179cc5148124030b1990b2f1493273) Importer(2089858483,0ecaa5967403d082aa24f35e1b516d23) Generated GUIDs only implemented for interfaces!
 -> (artifact id: '736917724f94e412e138984c7b10323d') in 0.014612 seconds
Number of updated asset objects reloaded before import = 0
Number of asset objects unloaded after import = 1
========================================================================
Received Import Request.
  Time since last request: 0.000022 seconds.
  path: Assets/Blender/penguin_after_blend_scarf.blend
  artifactKey: Guid(23f7f7c93e74345b7a8ff7ef462a79fe) Importer(2089858483,0ecaa5967403d082aa24f35e1b516d23)
Start importing Assets/Blender/penguin_after_blend_scarf.blend using Guid(23f7f7c93e74345b7a8ff7ef462a79fe) Importer(2089858483,0ecaa5967403d082aa24f35e1b516d23) Generated GUIDs only implemented for interfaces!
 -> (artifact id: '34b9b3d4d3ba219ae1754b735d38b4fa') in 0.104193 seconds
Number of updated asset objects reloaded before import = 0
Number of asset objects unloaded after import = 56
========================================================================
Received Import Request.
  Time since last request: 0.000022 seconds.
  path: Assets/Animations/Goal_Bounce.anim
  artifactKey: Guid(7019d8280a0df4e89ad657f685f5add6) Importer(2089858483,0ecaa5967403d082aa24f35e1b516d23)
Start importing Assets/Animations/Goal_Bounce.anim using Guid(7019d8280a0df4e89ad657f685f5add6) Importer(2089858483,0ecaa5967403d082aa24f35e1b516d23) Generated GUIDs only implemented for interfaces!
 -> (artifact id: 'a3c5fa19617ea9ffe58bd10d8b6169c9') in 0.020216 seconds
Number of updated asset objects reloaded before import = 0
Number of asset objects unloaded after import = 1
========================================================================
Received Import Request.
  Time since last request: 0.000037 seconds.
  path: Assets/Blender/fish_new.fbx
  artifactKey: Guid(6271953377fae5e4fb506cb960009f4b) Importer(2089858483,0ecaa5967403d082aa24f35e1b516d23)
Start importing Assets/Blender/fish_new.fbx using Guid(6271953377fae5e4fb506cb960009f4b) Importer(2089858483,0ecaa5967403d082aa24f35e1b516d23) Generated GUIDs only implemented for interfaces!
 -> (artifact id: '01caf6206de2f40f21fdd0fddf8c18d9') in 0.040800 seconds
Number of updated asset objects reloaded before import = 0
Number of asset objects unloaded after import = 32
========================================================================
Received Import Request.
  Time since last request: 0.000019 seconds.
  path: Assets/Animations/Penguin_win.anim
  artifactKey: Guid(df78926c4b32e4be5a10ec36440b7c57) Importer(2089858483,0ecaa5967403d082aa24f35e1b516d23)
Start importing Assets/Animations/Penguin_win.anim using Guid(df78926c4b32e4be5a10ec36440b7c57) Importer(2089858483,0ecaa5967403d082aa24f35e1b516d23) Generated GUIDs only implemented for interfaces!
 -> (artifact id: '4c10edc7de0d201a55f9dc8b8190adb8') in 0.026675 seconds
Number of updated asset objects reloaded before import = 0
Number of asset objects unloaded after import = 1
========================================================================
Received Import Request.
  Time since last request: 0.000033 seconds.
  path: Assets/Sprites/icon_penguin_512.png
  artifactKey: Guid(6292727888e745048b09e2ebffa411c4) Importer(815301076,1909f56bfc062723c751e8b465ee728b)
Start importing Assets/Sprites/icon_penguin_512.png using Guid(6292727888e745048b09e2ebffa411c4) Importer(815301076,1909f56bfc062723c751e8b465ee728b)  -> (artifact id: 'f3eba3e107defdde117737ee93ffd3bd') in 0.100612 seconds
Number of updated asset objects reloaded before import = 0
Number of asset objects unloaded after import = 3
========================================================================
Received Import Request.
  Time since last request: 0.000024 seconds.
  path: Assets/Blender/snow.blend
  artifactKey: Guid(76ee183c944b04414a650fa093d0b01b) Importer(2089858483,0ecaa5967403d082aa24f35e1b516d23)
Start importing Assets/Blender/snow.blend using Guid(76ee183c944b04414a650fa093d0b01b) Importer(2089858483,0ecaa5967403d082aa24f35e1b516d23) Generated GUIDs only implemented for interfaces!
 -> (artifact id: '62fe599f0fade828f2ae9020b160c227') in 0.046786 seconds
Number of updated asset objects reloaded before import = 0
Number of asset objects unloaded after import = 9
========================================================================
Received Import Request.
  Time since last request: 0.000028 seconds.
  path: Assets/Blender/penguin_layout.xcf
  artifactKey: Guid(ec0367f6dc024445fb1697420851f19d) Importer(2089858483,0ecaa5967403d082aa24f35e1b516d23)
Start importing Assets/Blender/penguin_layout.xcf using Guid(ec0367f6dc024445fb1697420851f19d) Importer(2089858483,0ecaa5967403d082aa24f35e1b516d23) Generated GUIDs only implemented for interfaces!
 -> (artifact id: '0bd45e9ad15e4e7102d07d738d0a8598') in 0.014649 seconds
Number of updated asset objects reloaded before import = 0
Number of asset objects unloaded after import = 1
========================================================================
Received Import Request.
  Time since last request: 0.000025 seconds.
  path: Assets/Blender/torus.blend
  artifactKey: Guid(074e0434ab53f63429b3ded202a3a980) Importer(2089858483,0ecaa5967403d082aa24f35e1b516d23)
Start importing Assets/Blender/torus.blend using Guid(074e0434ab53f63429b3ded202a3a980) Importer(2089858483,0ecaa5967403d082aa24f35e1b516d23) Generated GUIDs only implemented for interfaces!
 -> (artifact id: 'e1280a8e89626e40b4f21363db67dead') in 0.058358 seconds
Number of updated asset objects reloaded before import = 0
Number of asset objects unloaded after import = 8
========================================================================
Received Import Request.
  Time since last request: 0.000022 seconds.
  path: Assets/Blender/icewall.blend
  artifactKey: Guid(f9ef699b5a0574a0d884935df1b7d110) Importer(2089858483,0ecaa5967403d082aa24f35e1b516d23)
Start importing Assets/Blender/icewall.blend using Guid(f9ef699b5a0574a0d884935df1b7d110) Importer(2089858483,0ecaa5967403d082aa24f35e1b516d23) Generated GUIDs only implemented for interfaces!
 -> (artifact id: 'b35889697f46e415062e176025baa588') in 0.052661 seconds
Number of updated asset objects reloaded before import = 0
Number of asset objects unloaded after import = 10
========================================================================
Received Import Request.
  Time since last request: 0.000019 seconds.
  path: Assets/Animations/Penguin_Idle.anim
  artifactKey: Guid(b877259c02f1d437ca1800be8e53e627) Importer(2089858483,0ecaa5967403d082aa24f35e1b516d23)
Start importing Assets/Animations/Penguin_Idle.anim using Guid(b877259c02f1d437ca1800be8e53e627) Importer(2089858483,0ecaa5967403d082aa24f35e1b516d23) Generated GUIDs only implemented for interfaces!
 -> (artifact id: 'f602fb8e9395a0df9a50830b7bac7d94') in 0.023124 seconds
Number of updated asset objects reloaded before import = 0
Number of asset objects unloaded after import = 1
========================================================================
Received Import Request.
  Time since last request: 0.000060 seconds.
  path: Assets/Animations/Crack_NonActive.anim
  artifactKey: Guid(1732f7d01921c43d0ac0d7eaa5611be3) Importer(2089858483,0ecaa5967403d082aa24f35e1b516d23)
Start importing Assets/Animations/Crack_NonActive.anim using Guid(1732f7d01921c43d0ac0d7eaa5611be3) Importer(2089858483,0ecaa5967403d082aa24f35e1b516d23) Generated GUIDs only implemented for interfaces!
 -> (artifact id: '0fba04f1dcfab36a0f19b8bc4467571c') in 0.021389 seconds
Number of updated asset objects reloaded before import = 0
Number of asset objects unloaded after import = 1
========================================================================
Received Import Request.
  Time since last request: 0.000022 seconds.
  path: Assets/Blender/penguin_after_mirror.blend1
  artifactKey: Guid(2b0715a54d40846408877295439a7b9b) Importer(2089858483,0ecaa5967403d082aa24f35e1b516d23)
Start importing Assets/Blender/penguin_after_mirror.blend1 using Guid(2b0715a54d40846408877295439a7b9b) Importer(2089858483,0ecaa5967403d082aa24f35e1b516d23) Generated GUIDs only implemented for interfaces!
 -> (artifact id: 'bc934e4d265542af865f00cdedf06974') in 0.014230 seconds
Number of updated asset objects reloaded before import = 0
Number of asset objects unloaded after import = 1
========================================================================
Received Import Request.
  Time since last request: 0.000043 seconds.
  path: Assets/Animations/Ball_Fall.anim
  artifactKey: Guid(b3714e21f357c463698d003e6e03a668) Importer(2089858483,0ecaa5967403d082aa24f35e1b516d23)
Start importing Assets/Animations/Ball_Fall.anim using Guid(b3714e21f357c463698d003e6e03a668) Importer(2089858483,0ecaa5967403d082aa24f35e1b516d23) Generated GUIDs only implemented for interfaces!
 -> (artifact id: '9f9b58e1e2e017878b043d03c2b5f9bd') in 0.025250 seconds
Number of updated asset objects reloaded before import = 0
Number of asset objects unloaded after import = 1
========================================================================
Received Import Request.
  Time since last request: 0.000073 seconds.
  path: Assets/Blender/penguin.blend1
  artifactKey: Guid(f5dd9fe98738741778a80be932dbc544) Importer(2089858483,0ecaa5967403d082aa24f35e1b516d23)
Start importing Assets/Blender/penguin.blend1 using Guid(f5dd9fe98738741778a80be932dbc544) Importer(2089858483,0ecaa5967403d082aa24f35e1b516d23) Generated GUIDs only implemented for interfaces!
 -> (artifact id: 'aa810dc79b66e5c271a88c8821d59572') in 0.016140 seconds
Number of updated asset objects reloaded before import = 0
Number of asset objects unloaded after import = 1
========================================================================
Received Import Request.
  Time since last request: 0.000066 seconds.
  path: Assets/Audio/whoops.aup
  artifactKey: Guid(ff83834aa1c8a4d81a528b78369d5dcc) Importer(2089858483,0ecaa5967403d082aa24f35e1b516d23)
Start importing Assets/Audio/whoops.aup using Guid(ff83834aa1c8a4d81a528b78369d5dcc) Importer(2089858483,0ecaa5967403d082aa24f35e1b516d23) Generated GUIDs only implemented for interfaces!
 -> (artifact id: '3ea9f22c1f973780504a1f8d03bf0fb3') in 0.014751 seconds
Number of updated asset objects reloaded before import = 0
Number of asset objects unloaded after import = 1
========================================================================
Received Import Request.
  Time since last request: 0.000135 seconds.
  path: Assets/Animators/Goal Animator.controller
  artifactKey: Guid(dab699eebb87d4d52bba794c62b59fec) Importer(2089858483,0ecaa5967403d082aa24f35e1b516d23)
Start importing Assets/Animators/Goal Animator.controller using Guid(dab699eebb87d4d52bba794c62b59fec) Importer(2089858483,0ecaa5967403d082aa24f35e1b516d23) Generated GUIDs only implemented for interfaces!
 -> (artifact id: 'eb339e11bc532e9bd3aced5eaf82b5a3') in 0.014220 seconds
Number of updated asset objects reloaded before import = 0
Number of asset objects unloaded after import = 7
========================================================================
Received Import Request.
  Time since last request: 0.000019 seconds.
  path: Assets/Blender/schweden_water_edited2.xcf
  artifactKey: Guid(ca2eca7455d784809be7d7661996c70a) Importer(2089858483,0ecaa5967403d082aa24f35e1b516d23)
Start importing Assets/Blender/schweden_water_edited2.xcf using Guid(ca2eca7455d784809be7d7661996c70a) Importer(2089858483,0ecaa5967403d082aa24f35e1b516d23) Generated GUIDs only implemented for interfaces!
 -> (artifact id: 'f9763f197666c1b57e794ffdc00c8976') in 0.014009 seconds
Number of updated asset objects reloaded before import = 0
Number of asset objects unloaded after import = 1
========================================================================
Received Import Request.
  Time since last request: 0.000056 seconds.
  path: Assets/Animators/Fish Animator.controller
  artifactKey: Guid(523c5975da8c648369bd9643cc8df6e4) Importer(2089858483,0ecaa5967403d082aa24f35e1b516d23)
Start importing Assets/Animators/Fish Animator.controller using Guid(523c5975da8c648369bd9643cc8df6e4) Importer(2089858483,0ecaa5967403d082aa24f35e1b516d23) Generated GUIDs only implemented for interfaces!
 -> (artifact id: '96a5a19a21b9c07a9daa89231022b889') in 0.018792 seconds
Number of updated asset objects reloaded before import = 0
Number of asset objects unloaded after import = 8
========================================================================
Received Import Request.
  Time since last request: 0.000018 seconds.
  path: Assets/Materials/snowfalling.mat
  artifactKey: Guid(6370c5f78c51f447483f3752456e2785) Importer(2089858483,0ecaa5967403d082aa24f35e1b516d23)
Start importing Assets/Materials/snowfalling.mat using Guid(6370c5f78c51f447483f3752456e2785) Importer(2089858483,0ecaa5967403d082aa24f35e1b516d23) Generated GUIDs only implemented for interfaces!
 -> (artifact id: '46017a6e6849cb03dae1dc3f187068d0') in 0.025373 seconds
Number of updated asset objects reloaded before import = 0
Number of asset objects unloaded after import = 2
========================================================================
Received Import Request.
  Time since last request: 0.000018 seconds.
  path: Assets/Icons/icon_sound_on_512.xcf
  artifactKey: Guid(9a4d4ed401af57940a6f32268ef782b8) Importer(2089858483,0ecaa5967403d082aa24f35e1b516d23)
Start importing Assets/Icons/icon_sound_on_512.xcf using Guid(9a4d4ed401af57940a6f32268ef782b8) Importer(2089858483,0ecaa5967403d082aa24f35e1b516d23) Generated GUIDs only implemented for interfaces!
 -> (artifact id: 'eb11103fca2126c5238d35235c68b598') in 0.013092 seconds
Number of updated asset objects reloaded before import = 0
Number of asset objects unloaded after import = 1
========================================================================
Received Import Request.
  Time since last request: 0.000023 seconds.
  path: Assets/Icons/icon_sound_off_512.png
  artifactKey: Guid(b571c1312d550b94aa367c580333603b) Importer(2089858483,0ecaa5967403d082aa24f35e1b516d23)
Start importing Assets/Icons/icon_sound_off_512.png using Guid(b571c1312d550b94aa367c580333603b) Importer(2089858483,0ecaa5967403d082aa24f35e1b516d23) Generated GUIDs only implemented for interfaces!
 -> (artifact id: '498a991f6869d6009c3d8d534e87a06d') in 0.113536 seconds
Number of updated asset objects reloaded before import = 0
Number of asset objects unloaded after import = 1
========================================================================
Received Import Request.
  Time since last request: 0.000053 seconds.
  path: Assets/Materials/fire_ps.mat
  artifactKey: Guid(18561e33ffd074b33b5233ebff3c2787) Importer(2089858483,0ecaa5967403d082aa24f35e1b516d23)
Start importing Assets/Materials/fire_ps.mat using Guid(18561e33ffd074b33b5233ebff3c2787) Importer(2089858483,0ecaa5967403d082aa24f35e1b516d23) Generated GUIDs only implemented for interfaces!
 -> (artifact id: 'e5eade68f78b262c4c0985e164e9dfea') in 0.027767 seconds
Number of updated asset objects reloaded before import = 0
Number of asset objects unloaded after import = 2
========================================================================
Received Import Request.
  Time since last request: 0.000032 seconds.
  path: Assets/Blender/goal_v3.blend
  artifactKey: Guid(5e7512443df6db543ac8cba94d224ddb) Importer(2089858483,0ecaa5967403d082aa24f35e1b516d23)
Start importing Assets/Blender/goal_v3.blend using Guid(5e7512443df6db543ac8cba94d224ddb) Importer(2089858483,0ecaa5967403d082aa24f35e1b516d23) Generated GUIDs only implemented for interfaces!
 -> (artifact id: 'd6190df84afd6fcdc4f56e17a7476801') in 0.043806 seconds
Number of updated asset objects reloaded before import = 0
Number of asset objects unloaded after import = 8
========================================================================
Received Import Request.
  Time since last request: 0.000018 seconds.
  path: Assets/Audio/eat.mp3
  artifactKey: Guid(e230f610a055c4325bfbf847ed40b2f4) Importer(2089858483,0ecaa5967403d082aa24f35e1b516d23)
Start importing Assets/Audio/eat.mp3 using Guid(e230f610a055c4325bfbf847ed40b2f4) Importer(2089858483,0ecaa5967403d082aa24f35e1b516d23) Generated GUIDs only implemented for interfaces!
 -> (artifact id: '8db47aa7d10eab1ecf7c48a3313f68ec') in 0.086903 seconds
Number of updated asset objects reloaded before import = 0
Number of asset objects unloaded after import = 1
========================================================================
Received Import Request.
  Time since last request: 0.000039 seconds.
  path: Assets/Audio/plogg.ogg
  artifactKey: Guid(306c055870ed5854780be7e9ded13d9b) Importer(2089858483,0ecaa5967403d082aa24f35e1b516d23)
Start importing Assets/Audio/plogg.ogg using Guid(306c055870ed5854780be7e9ded13d9b) Importer(2089858483,0ecaa5967403d082aa24f35e1b516d23) Generated GUIDs only implemented for interfaces!
 -> (artifact id: '7bd3ffd718e034829337f19e92a21779') in 0.126606 seconds
Number of updated asset objects reloaded before import = 0
Number of asset objects unloaded after import = 1
========================================================================
Received Import Request.
  Time since last request: 0.000039 seconds.
  path: Assets/Prefabs/Water.prefab
  artifactKey: Guid(c7935a721966c4315b9b11ae98859a49) Importer(2089858483,0ecaa5967403d082aa24f35e1b516d23)
Start importing Assets/Prefabs/Water.prefab using Guid(c7935a721966c4315b9b11ae98859a49) Importer(2089858483,0ecaa5967403d082aa24f35e1b516d23) Generated GUIDs only implemented for interfaces!
 -> (artifact id: '77023cadf3af7de9ba6783c211c11b48') in 0.029422 seconds
Number of updated asset objects reloaded before import = 0
Number of asset objects unloaded after import = 25
========================================================================
Received Import Request.
  Time since last request: 0.000018 seconds.
  path: Assets/Prefabs/snowChild.prefab
  artifactKey: Guid(5246cb115d87945ad914cbe92e232fe5) Importer(2089858483,0ecaa5967403d082aa24f35e1b516d23)
Start importing Assets/Prefabs/snowChild.prefab using Guid(5246cb115d87945ad914cbe92e232fe5) Importer(2089858483,0ecaa5967403d082aa24f35e1b516d23) Generated GUIDs only implemented for interfaces!
 -> (artifact id: '469dddf94b6fcf23f8c44b7212d73f38') in 0.027682 seconds
Number of updated asset objects reloaded before import = 0
Number of asset objects unloaded after import = 17
========================================================================
Received Import Request.
  Time since last request: 0.000024 seconds.
  path: Assets/Audio/frosty fields_MM_2_fadeout.wav
  artifactKey: Guid(2dbd62d3062f15444a314e0f865ffbb8) Importer(2089858483,0ecaa5967403d082aa24f35e1b516d23)
Start importing Assets/Audio/frosty fields_MM_2_fadeout.wav using Guid(2dbd62d3062f15444a314e0f865ffbb8) Importer(2089858483,0ecaa5967403d082aa24f35e1b516d23) Generated GUIDs only implemented for interfaces!
 -> (artifact id: 'b276ef4284ccfb0151c3d12598a6bf94') in 0.149660 seconds
Number of updated asset objects reloaded before import = 0
Number of asset objects unloaded after import = 1
========================================================================
Received Import Request.
  Time since last request: 0.000139 seconds.
  path: Assets/Animations/Indicator_Despawn.anim
  artifactKey: Guid(21082aef38c1242329abe67d843489c3) Importer(2089858483,0ecaa5967403d082aa24f35e1b516d23)
Start importing Assets/Animations/Indicator_Despawn.anim using Guid(21082aef38c1242329abe67d843489c3) Importer(2089858483,0ecaa5967403d082aa24f35e1b516d23) Generated GUIDs only implemented for interfaces!
 -> (artifact id: 'a80db86ced4240ec82f775e5664d63c6') in 0.015865 seconds
Number of updated asset objects reloaded before import = 0
Number of asset objects unloaded after import = 1
========================================================================
Received Import Request.
  Time since last request: 0.000026 seconds.
  path: Assets/Blender/fish_after_mirror_rigged_uvmap.blend
  artifactKey: Guid(9fcc8ca367d1c427588015a00366a7af) Importer(2089858483,0ecaa5967403d082aa24f35e1b516d23)
Start importing Assets/Blender/fish_after_mirror_rigged_uvmap.blend using Guid(9fcc8ca367d1c427588015a00366a7af) Importer(2089858483,0ecaa5967403d082aa24f35e1b516d23) Generated GUIDs only implemented for interfaces!
 -> (artifact id: 'e90702d257fa0e1747bec342b2f90dc2') in 0.064402 seconds
Number of updated asset objects reloaded before import = 0
Number of asset objects unloaded after import = 48
========================================================================
Received Import Request.
  Time since last request: 0.000424 seconds.
  path: Assets/Icons/icon_arrow_circle_512.xcf
  artifactKey: Guid(99518fa491258e54595cff36f1947e75) Importer(2089858483,0ecaa5967403d082aa24f35e1b516d23)
Start importing Assets/Icons/icon_arrow_circle_512.xcf using Guid(99518fa491258e54595cff36f1947e75) Importer(2089858483,0ecaa5967403d082aa24f35e1b516d23) Generated GUIDs only implemented for interfaces!
 -> (artifact id: '7bb089b0f3b85a5a6ebeb5dfa48cd87b') in 0.014637 seconds
Number of updated asset objects reloaded before import = 0
Number of asset objects unloaded after import = 1
========================================================================
Received Import Request.
  Time since last request: 0.000099 seconds.
  path: Assets/Prefabs/waterChild.prefab
  artifactKey: Guid(98a5444fc71204fd4b1faad66e5c1c65) Importer(2089858483,0ecaa5967403d082aa24f35e1b516d23)
Start importing Assets/Prefabs/waterChild.prefab using Guid(98a5444fc71204fd4b1faad66e5c1c65) Importer(2089858483,0ecaa5967403d082aa24f35e1b516d23) Generated GUIDs only implemented for interfaces!
 -> (artifact id: '4b0ac55b246bafb091d1376af8f5f657') in 0.014683 seconds
Number of updated asset objects reloaded before import = 0
Number of asset objects unloaded after import = 4
========================================================================
Received Import Request.
  Time since last request: 0.000018 seconds.
  path: Assets/Materials/fish_pink.mat
  artifactKey: Guid(d248068f0fad70c439879d629c61e7ec) Importer(2089858483,0ecaa5967403d082aa24f35e1b516d23)
Start importing Assets/Materials/fish_pink.mat using Guid(d248068f0fad70c439879d629c61e7ec) Importer(2089858483,0ecaa5967403d082aa24f35e1b516d23) Generated GUIDs only implemented for interfaces!
 -> (artifact id: 'be1303e45fe8877beaee094848d87f71') in 0.019019 seconds
Number of updated asset objects reloaded before import = 0
Number of asset objects unloaded after import = 2
========================================================================
Received Import Request.
  Time since last request: 0.000018 seconds.
  path: Assets/Icons/icon_border_crack_512.xcf
  artifactKey: Guid(5d2ecd7aed790584c8620e0b7a14be90) Importer(2089858483,0ecaa5967403d082aa24f35e1b516d23)
Start importing Assets/Icons/icon_border_crack_512.xcf using Guid(5d2ecd7aed790584c8620e0b7a14be90) Importer(2089858483,0ecaa5967403d082aa24f35e1b516d23) Generated GUIDs only implemented for interfaces!
 -> (artifact id: '03f4929a70332a7cf059e641cc8b1c06') in 0.014071 seconds
Number of updated asset objects reloaded before import = 0
Number of asset objects unloaded after import = 1
========================================================================
Received Import Request.
  Time since last request: 0.000027 seconds.
  path: Assets/Prefabs/InputPlane.prefab
  artifactKey: Guid(91a7285ebfe2948dfa2ac44f9dbc6720) Importer(2089858483,0ecaa5967403d082aa24f35e1b516d23)
Start importing Assets/Prefabs/InputPlane.prefab using Guid(91a7285ebfe2948dfa2ac44f9dbc6720) Importer(2089858483,0ecaa5967403d082aa24f35e1b516d23) Generated GUIDs only implemented for interfaces!
 -> (artifact id: 'd561d305442fb2cc2ffb11e0821a695e') in 0.026027 seconds
Number of updated asset objects reloaded before import = 0
Number of asset objects unloaded after import = 7
========================================================================
Received Import Request.
  Time since last request: 0.000042 seconds.
  path: Assets/Icons/icon_grid_512.xcf
  artifactKey: Guid(b669b253f9a1d034687acfdf5bb522c9) Importer(2089858483,0ecaa5967403d082aa24f35e1b516d23)
Start importing Assets/Icons/icon_grid_512.xcf using Guid(b669b253f9a1d034687acfdf5bb522c9) Importer(2089858483,0ecaa5967403d082aa24f35e1b516d23) Generated GUIDs only implemented for interfaces!
 -> (artifact id: 'fa0b594d698b65369e4d38e88ebb862d') in 0.012228 seconds
Number of updated asset objects reloaded before import = 0
Number of asset objects unloaded after import = 1
========================================================================
Received Import Request.
  Time since last request: 0.000145 seconds.
  path: Assets/Animations/Fish_GetCollected.anim
  artifactKey: Guid(41ef8b476921740e2ae915b0f82862d4) Importer(2089858483,0ecaa5967403d082aa24f35e1b516d23)
Start importing Assets/Animations/Fish_GetCollected.anim using Guid(41ef8b476921740e2ae915b0f82862d4) Importer(2089858483,0ecaa5967403d082aa24f35e1b516d23) Generated GUIDs only implemented for interfaces!
 -> (artifact id: '95e6485b2b2c10e513d07b96b0ad0f17') in 0.021266 seconds
Number of updated asset objects reloaded before import = 0
Number of asset objects unloaded after import = 1
========================================================================
Received Import Request.
  Time since last request: 0.000022 seconds.
  path: Assets/Icons/icon_pencil_512.xcf
  artifactKey: Guid(5ec8eae16a198b346889e758d9addb57) Importer(2089858483,0ecaa5967403d082aa24f35e1b516d23)
Start importing Assets/Icons/icon_pencil_512.xcf using Guid(5ec8eae16a198b346889e758d9addb57) Importer(2089858483,0ecaa5967403d082aa24f35e1b516d23) Generated GUIDs only implemented for interfaces!
 -> (artifact id: '179617762d77931fd8ad1d7738c43570') in 0.011463 seconds
Number of updated asset objects reloaded before import = 0
Number of asset objects unloaded after import = 1
========================================================================
Received Import Request.
  Time since last request: 0.000142 seconds.
  path: Assets/Icons/icon_arrow_left_512.xcf
  artifactKey: Guid(0ee332fe9ed87b84699d22f5e1bd2206) Importer(2089858483,0ecaa5967403d082aa24f35e1b516d23)
Start importing Assets/Icons/icon_arrow_left_512.xcf using Guid(0ee332fe9ed87b84699d22f5e1bd2206) Importer(2089858483,0ecaa5967403d082aa24f35e1b516d23) Generated GUIDs only implemented for interfaces!
 -> (artifact id: '574df727354cc87b6bcfd43b9048b3eb') in 0.011576 seconds
Number of updated asset objects reloaded before import = 0
Number of asset objects unloaded after import = 1
========================================================================
Received Import Request.
  Time since last request: 0.000126 seconds.
  path: Assets/Materials/wood.mat
  artifactKey: Guid(9728a003cb7154ce89a43a6455fd0a4c) Importer(2089858483,0ecaa5967403d082aa24f35e1b516d23)
Start importing Assets/Materials/wood.mat using Guid(9728a003cb7154ce89a43a6455fd0a4c) Importer(2089858483,0ecaa5967403d082aa24f35e1b516d23) Generated GUIDs only implemented for interfaces!
 -> (artifact id: '4f0a744ea46c250b62c9f89c6033438f') in 0.019529 seconds
Number of updated asset objects reloaded before import = 0
Number of asset objects unloaded after import = 2
========================================================================
Received Import Request.
  Time since last request: 0.000018 seconds.
  path: Assets/Materials/tree.mat
  artifactKey: Guid(2950bae3b140b4df28c489d4c301844f) Importer(2089858483,0ecaa5967403d082aa24f35e1b516d23)
Start importing Assets/Materials/tree.mat using Guid(2950bae3b140b4df28c489d4c301844f) Importer(2089858483,0ecaa5967403d082aa24f35e1b516d23) Generated GUIDs only implemented for interfaces!
 -> (artifact id: 'fedbc42fff22598f004ae51fa0173916') in 0.016136 seconds
Number of updated asset objects reloaded before import = 0
Number of asset objects unloaded after import = 2
========================================================================
Received Import Request.
  Time since last request: 0.000019 seconds.
  path: Assets/Prefabs/TutorialText.prefab
  artifactKey: Guid(a4c9d582abfe9e84c93e1ff0b2d1da1a) Importer(2089858483,0ecaa5967403d082aa24f35e1b516d23)
Start importing Assets/Prefabs/TutorialText.prefab using Guid(a4c9d582abfe9e84c93e1ff0b2d1da1a) Importer(2089858483,0ecaa5967403d082aa24f35e1b516d23) Generated GUIDs only implemented for interfaces!
 -> (artifact id: '8b0e976edeff434900301c7f614b35e4') in 0.142116 seconds
Number of updated asset objects reloaded before import = 0
Number of asset objects unloaded after import = 17
========================================================================
Received Import Request.
  Time since last request: 0.000026 seconds.
  path: Assets/Blender/tree_layout.xcf
  artifactKey: Guid(687c59fd25db146d9ac9795e7c642217) Importer(2089858483,0ecaa5967403d082aa24f35e1b516d23)
Start importing Assets/Blender/tree_layout.xcf using Guid(687c59fd25db146d9ac9795e7c642217) Importer(2089858483,0ecaa5967403d082aa24f35e1b516d23) Generated GUIDs only implemented for interfaces!
 -> (artifact id: '7e77cc674b6eaf8e10e9251044e9eb0e') in 0.014504 seconds
Number of updated asset objects reloaded before import = 0
Number of asset objects unloaded after import = 1
========================================================================
Received Import Request.
  Time since last request: 0.000146 seconds.
  path: Assets/Blender/torus.fbx
  artifactKey: Guid(4e61f7b9203e2664d8aea4aed6f79b31) Importer(2089858483,0ecaa5967403d082aa24f35e1b516d23)
Start importing Assets/Blender/torus.fbx using Guid(4e61f7b9203e2664d8aea4aed6f79b31) Importer(2089858483,0ecaa5967403d082aa24f35e1b516d23) Generated GUIDs only implemented for interfaces!
 -> (artifact id: '879a72d03a900b242b3d3f52478c682e') in 0.043264 seconds
Number of updated asset objects reloaded before import = 0
Number of asset objects unloaded after import = 8
========================================================================
Received Import Request.
  Time since last request: 0.000023 seconds.
  path: Assets/Audio/frosty fields_3_fadeout.wav
  artifactKey: Guid(e3b80a5c3a6bfc140a6ac162699c3580) Importer(2089858483,0ecaa5967403d082aa24f35e1b516d23)
Start importing Assets/Audio/frosty fields_3_fadeout.wav using Guid(e3b80a5c3a6bfc140a6ac162699c3580) Importer(2089858483,0ecaa5967403d082aa24f35e1b516d23) Generated GUIDs only implemented for interfaces!
 -> (artifact id: 'd8eb8a19f9660aa44710f5434dd782d6') in 0.139310 seconds
Number of updated asset objects reloaded before import = 0
Number of asset objects unloaded after import = 1
========================================================================
Received Import Request.
  Time since last request: 0.000036 seconds.
  path: Assets/Scripts/HandleInput.cs
  artifactKey: Guid(de14156e081bf412a970fdf58ffb1153) Importer(2089858483,0ecaa5967403d082aa24f35e1b516d23)
Start importing Assets/Scripts/HandleInput.cs using Guid(de14156e081bf412a970fdf58ffb1153) Importer(2089858483,0ecaa5967403d082aa24f35e1b516d23) Generated GUIDs only implemented for interfaces!
 -> (artifact id: '45f64d3ce48a6ad9b7d3e9a4518961a7') in 0.020015 seconds
Number of updated asset objects reloaded before import = 0
Number of asset objects unloaded after import = 1
========================================================================
Received Import Request.
  Time since last request: 0.000025 seconds.
  path: Assets/Scripts/OceanScript.cs
  artifactKey: Guid(4ae71997ade11480ea558534b48ddf31) Importer(2089858483,0ecaa5967403d082aa24f35e1b516d23)
Start importing Assets/Scripts/OceanScript.cs using Guid(4ae71997ade11480ea558534b48ddf31) Importer(2089858483,0ecaa5967403d082aa24f35e1b516d23) Generated GUIDs only implemented for interfaces!
 -> (artifact id: '0dbd1238a9769211bb8ee78ca49f80d8') in 0.015630 seconds
Number of updated asset objects reloaded before import = 0
Number of asset objects unloaded after import = 1
========================================================================
Received Import Request.
  Time since last request: 0.000033 seconds.
  path: Assets/Scripts/GroundSpawnController.cs
  artifactKey: Guid(5e514873551324c8aaf630f6d472f10e) Importer(2089858483,0ecaa5967403d082aa24f35e1b516d23)
Start importing Assets/Scripts/GroundSpawnController.cs using Guid(5e514873551324c8aaf630f6d472f10e) Importer(2089858483,0ecaa5967403d082aa24f35e1b516d23) Generated GUIDs only implemented for interfaces!
 -> (artifact id: '782daaa5111df993c98fcdfd97e89791') in 0.019588 seconds
Number of updated asset objects reloaded before import = 0
Number of asset objects unloaded after import = 1
========================================================================
Received Import Request.
  Time since last request: 0.000044 seconds.
  path: Assets/Scripts/GameManagerScript.cs
  artifactKey: Guid(adf821e92024f4e6bac3f229992079fb) Importer(2089858483,0ecaa5967403d082aa24f35e1b516d23)
Start importing Assets/Scripts/GameManagerScript.cs using Guid(adf821e92024f4e6bac3f229992079fb) Importer(2089858483,0ecaa5967403d082aa24f35e1b516d23) Generated GUIDs only implemented for interfaces!
 -> (artifact id: '1c9ee8d747d1104de1b4c8a400a10e60') in 0.018588 seconds
Number of updated asset objects reloaded before import = 0
Number of asset objects unloaded after import = 1
========================================================================
Received Import Request.
  Time since last request: 0.000025 seconds.
  path: Assets/Scripts/WaterPlaneGenerator.cs
  artifactKey: Guid(a0accc71921064a788510caef21b617f) Importer(2089858483,0ecaa5967403d082aa24f35e1b516d23)
Start importing Assets/Scripts/WaterPlaneGenerator.cs using Guid(a0accc71921064a788510caef21b617f) Importer(2089858483,0ecaa5967403d082aa24f35e1b516d23) Generated GUIDs only implemented for interfaces!
 -> (artifact id: '4039ba3852bb50cc4f3c821d86cfe713') in 0.015972 seconds
Number of updated asset objects reloaded before import = 0
Number of asset objects unloaded after import = 1
========================================================================
Received Import Request.
  Time since last request: 0.000125 seconds.
  path: Assets/Scripts/SafeArea.cs
  artifactKey: Guid(26d17db163f283542afa174b2ccae932) Importer(2089858483,0ecaa5967403d082aa24f35e1b516d23)
Start importing Assets/Scripts/SafeArea.cs using Guid(26d17db163f283542afa174b2ccae932) Importer(2089858483,0ecaa5967403d082aa24f35e1b516d23) Generated GUIDs only implemented for interfaces!
 -> (artifact id: 'a0ebca13a0c903d2b333ae43f222966f') in 0.015883 seconds
Number of updated asset objects reloaded before import = 0
Number of asset objects unloaded after import = 1
========================================================================
Received Import Request.
  Time since last request: 0.000058 seconds.
  path: Assets/Scripts/LightProperty.cs
  artifactKey: Guid(65bb582ba4ff44484a849deb2fef7d5a) Importer(2089858483,0ecaa5967403d082aa24f35e1b516d23)
Start importing Assets/Scripts/LightProperty.cs using Guid(65bb582ba4ff44484a849deb2fef7d5a) Importer(2089858483,0ecaa5967403d082aa24f35e1b516d23) Generated GUIDs only implemented for interfaces!
 -> (artifact id: '67b89c3e3236f13adbce3990acef6868') in 0.012607 seconds
Number of updated asset objects reloaded before import = 0
Number of asset objects unloaded after import = 1
========================================================================
Received Import Request.
  Time since last request: 0.000025 seconds.
  path: Assets/Sprites/icon_border_fire_512.xcf
  artifactKey: Guid(2e5f09f7fe452b44ebce252085495c44) Importer(2089858483,0ecaa5967403d082aa24f35e1b516d23)
Start importing Assets/Sprites/icon_border_fire_512.xcf using Guid(2e5f09f7fe452b44ebce252085495c44) Importer(2089858483,0ecaa5967403d082aa24f35e1b516d23) Generated GUIDs only implemented for interfaces!
 -> (artifact id: 'f130d36b45473a346f36268f012bbc65') in 0.011781 seconds
Number of updated asset objects reloaded before import = 0
Number of asset objects unloaded after import = 1
========================================================================
Received Import Request.
  Time since last request: 0.000117 seconds.
  path: Assets/Sprites/goal_sprite.png
  artifactKey: Guid(dfff00df617f29e4cba6c212722a0470) Importer(2089858483,0ecaa5967403d082aa24f35e1b516d23)
Start importing Assets/Sprites/goal_sprite.png using Guid(dfff00df617f29e4cba6c212722a0470) Importer(2089858483,0ecaa5967403d082aa24f35e1b516d23) Generated GUIDs only implemented for interfaces!
 -> (artifact id: '990e3b64d4b2268206cd791aa2464e62') in 0.044649 seconds
Number of updated asset objects reloaded before import = 0
Number of asset objects unloaded after import = 3
========================================================================
Received Import Request.
  Time since last request: 0.000084 seconds.
  path: Assets/Scripts/GameObjectScript.cs
  artifactKey: Guid(1f15a852628f14a52a022b56d449991c) Importer(2089858483,0ecaa5967403d082aa24f35e1b516d23)
Start importing Assets/Scripts/GameObjectScript.cs using Guid(1f15a852628f14a52a022b56d449991c) Importer(2089858483,0ecaa5967403d082aa24f35e1b516d23) Generated GUIDs only implemented for interfaces!
 -> (artifact id: '6d389d58bc98bbccb80b98199e374799') in 0.014700 seconds
Number of updated asset objects reloaded before import = 0
Number of asset objects unloaded after import = 1
========================================================================
Received Import Request.
  Time since last request: 0.000127 seconds.
  path: Assets/Scripts/GridLayoutAutoCellSize.cs
  artifactKey: Guid(fd10016c05c067f45998bd73cf9fd6d5) Importer(2089858483,0ecaa5967403d082aa24f35e1b516d23)
Start importing Assets/Scripts/GridLayoutAutoCellSize.cs using Guid(fd10016c05c067f45998bd73cf9fd6d5) Importer(2089858483,0ecaa5967403d082aa24f35e1b516d23) Generated GUIDs only implemented for interfaces!
 -> (artifact id: '8aa730190f81645e0e9aa201e0f98d41') in 0.013794 seconds
Number of updated asset objects reloaded before import = 0
Number of asset objects unloaded after import = 1
========================================================================
Received Import Request.
  Time since last request: 0.000037 seconds.
  path: Assets/Scripts/PostProcessingScript.cs
  artifactKey: Guid(02a8c272d399c4abebe82d336e7781fc) Importer(2089858483,0ecaa5967403d082aa24f35e1b516d23)
Start importing Assets/Scripts/PostProcessingScript.cs using Guid(02a8c272d399c4abebe82d336e7781fc) Importer(2089858483,0ecaa5967403d082aa24f35e1b516d23) Generated GUIDs only implemented for interfaces!
 -> (artifact id: '7e2984d9655ab0b910dcd779d83580ca') in 0.014011 seconds
Number of updated asset objects reloaded before import = 0
Number of asset objects unloaded after import = 1
========================================================================
Received Import Request.
  Time since last request: 0.000054 seconds.
  path: Assets/Scripts/CrackController.cs
  artifactKey: Guid(c5a87e1fea2d1458bbc8e5e6429a80ff) Importer(2089858483,0ecaa5967403d082aa24f35e1b516d23)
Start importing Assets/Scripts/CrackController.cs using Guid(c5a87e1fea2d1458bbc8e5e6429a80ff) Importer(2089858483,0ecaa5967403d082aa24f35e1b516d23) Generated GUIDs only implemented for interfaces!
 -> (artifact id: '08df708466dbfc9d1c4039ef03a086d4') in 0.017241 seconds
Number of updated asset objects reloaded before import = 0
Number of asset objects unloaded after import = 1
========================================================================
Received Import Request.
  Time since last request: 0.000083 seconds.
  path: Assets/Scripts/ButtonSound.cs
  artifactKey: Guid(27708cf7a8db48649819269a1766b182) Importer(2089858483,0ecaa5967403d082aa24f35e1b516d23)
Start importing Assets/Scripts/ButtonSound.cs using Guid(27708cf7a8db48649819269a1766b182) Importer(2089858483,0ecaa5967403d082aa24f35e1b516d23) Generated GUIDs only implemented for interfaces!
 -> (artifact id: '1c9a516303450771bb084a81c6052594') in 0.012857 seconds
Number of updated asset objects reloaded before import = 0
Number of asset objects unloaded after import = 1
========================================================================
Received Import Request.
  Time since last request: 0.000061 seconds.
  path: Assets/Sprites/crack_sprite.xcf
  artifactKey: Guid(8da50a80bb80ca248bb753c6098e1710) Importer(2089858483,0ecaa5967403d082aa24f35e1b516d23)
Start importing Assets/Sprites/crack_sprite.xcf using Guid(8da50a80bb80ca248bb753c6098e1710) Importer(2089858483,0ecaa5967403d082aa24f35e1b516d23) Generated GUIDs only implemented for interfaces!
 -> (artifact id: '52a44f060bf08c012ba3dd1c45c79720') in 0.015248 seconds
Number of updated asset objects reloaded before import = 0
Number of asset objects unloaded after import = 1
========================================================================
Received Import Request.
  Time since last request: 0.000028 seconds.
  path: Assets/Sprites/crack_sprite.png
  artifactKey: Guid(4ec475b4f726de146a6b01c188c59bbb) Importer(2089858483,0ecaa5967403d082aa24f35e1b516d23)
Start importing Assets/Sprites/crack_sprite.png using Guid(4ec475b4f726de146a6b01c188c59bbb) Importer(2089858483,0ecaa5967403d082aa24f35e1b516d23) Generated GUIDs only implemented for interfaces!
 -> (artifact id: 'a3c470139acb8aaf00fb59b8dc3fc16b') in 0.051501 seconds
Number of updated asset objects reloaded before import = 0
Number of asset objects unloaded after import = 3
========================================================================
Received Import Request.
  Time since last request: 0.000028 seconds.
  path: Assets/Sprites/penguin_sprite.xcf
  artifactKey: Guid(8c774a537e1126d42a67290cb9d9984d) Importer(2089858483,0ecaa5967403d082aa24f35e1b516d23)
Start importing Assets/Sprites/penguin_sprite.xcf using Guid(8c774a537e1126d42a67290cb9d9984d) Importer(2089858483,0ecaa5967403d082aa24f35e1b516d23) Generated GUIDs only implemented for interfaces!
 -> (artifact id: 'f275e6b1d3da7b3ede16b959cb6745a8') in 0.013843 seconds
Number of updated asset objects reloaded before import = 0
Number of asset objects unloaded after import = 1
========================================================================
Received Import Request.
  Time since last request: 0.000090 seconds.
  path: Assets/Sprites/icon_snowball_512.png
  artifactKey: Guid(8eb07bdeb9d5f7c4391af9ff4372640b) Importer(2089858483,0ecaa5967403d082aa24f35e1b516d23)
Start importing Assets/Sprites/icon_snowball_512.png using Guid(8eb07bdeb9d5f7c4391af9ff4372640b) Importer(2089858483,0ecaa5967403d082aa24f35e1b516d23) Generated GUIDs only implemented for interfaces!
 -> (artifact id: '3f93437bb5b34c2db596b3f03db74d40') in 0.045714 seconds
Number of updated asset objects reloaded before import = 0
Number of asset objects unloaded after import = 3
========================================================================
Received Import Request.
  Time since last request: 0.000018 seconds.
  path: Assets/Sprites/tree_sprite.xcf
  artifactKey: Guid(edaf4bfe8f4677a46bae165d9cb8c005) Importer(2089858483,0ecaa5967403d082aa24f35e1b516d23)
Start importing Assets/Sprites/tree_sprite.xcf using Guid(edaf4bfe8f4677a46bae165d9cb8c005) Importer(2089858483,0ecaa5967403d082aa24f35e1b516d23) Generated GUIDs only implemented for interfaces!
 -> (artifact id: 'cfda30d19cf6a88e124fc228b0f79870') in 0.013040 seconds
Number of updated asset objects reloaded before import = 0
Number of asset objects unloaded after import = 1
========================================================================
Received Import Request.
  Time since last request: 0.000146 seconds.
  path: Assets/Blender/Materials/tree_texture.mat
  artifactKey: Guid(61fde1fd573214cdcad2ea9f7ef26cf7) Importer(2089858483,0ecaa5967403d082aa24f35e1b516d23)
Start importing Assets/Blender/Materials/tree_texture.mat using Guid(61fde1fd573214cdcad2ea9f7ef26cf7) Importer(2089858483,0ecaa5967403d082aa24f35e1b516d23) Generated GUIDs only implemented for interfaces!
 -> (artifact id: 'be6abadbc02bd0320e9bf561f93aed9b') in 0.020102 seconds
Number of updated asset objects reloaded before import = 0
Number of asset objects unloaded after import = 2
========================================================================
Received Import Request.
  Time since last request: 0.000036 seconds.
  path: Assets/Textures/icon_rounded_square_512.png
  artifactKey: Guid(9a21d459ce3fe4e4986ef61325851514) Importer(2089858483,0ecaa5967403d082aa24f35e1b516d23)
Start importing Assets/Textures/icon_rounded_square_512.png using Guid(9a21d459ce3fe4e4986ef61325851514) Importer(2089858483,0ecaa5967403d082aa24f35e1b516d23) Generated GUIDs only implemented for interfaces!
 -> (artifact id: '04689f23ad34d7eec1150e4094232273') in 0.047623 seconds
Number of updated asset objects reloaded before import = 0
Number of asset objects unloaded after import = 3
========================================================================
Received Import Request.
  Time since last request: 0.000027 seconds.
  path: Assets/Textures/icon_arrow_left_512.png
  artifactKey: Guid(fe0559fe2208a494bb19ee54bd0664cb) Importer(2089858483,0ecaa5967403d082aa24f35e1b516d23)
Start importing Assets/Textures/icon_arrow_left_512.png using Guid(fe0559fe2208a494bb19ee54bd0664cb) Importer(2089858483,0ecaa5967403d082aa24f35e1b516d23) Generated GUIDs only implemented for interfaces!
 -> (artifact id: '3910c60e3533537e51d86d40c41e1b2e') in 0.054578 seconds
Number of updated asset objects reloaded before import = 0
Number of asset objects unloaded after import = 3
========================================================================
Received Import Request.
  Time since last request: 0.000029 seconds.
  path: Assets/Textures/icon_sound_on_512.png
  artifactKey: Guid(6094f2074dc9b6846b82a70f1a8e6430) Importer(2089858483,0ecaa5967403d082aa24f35e1b516d23)
Start importing Assets/Textures/icon_sound_on_512.png using Guid(6094f2074dc9b6846b82a70f1a8e6430) Importer(2089858483,0ecaa5967403d082aa24f35e1b516d23) Generated GUIDs only implemented for interfaces!
 -> (artifact id: 'b8b7f591fbf9b1e306fe0464b488cb04') in 0.051191 seconds
Number of updated asset objects reloaded before import = 0
Number of asset objects unloaded after import = 3
========================================================================
Received Import Request.
  Time since last request: 0.000079 seconds.
  path: Assets/Sprites/icon_icaball_512.png
  artifactKey: Guid(f6ea2c105a66ec145949fcdc4727140d) Importer(2089858483,0ecaa5967403d082aa24f35e1b516d23)
Start importing Assets/Sprites/icon_icaball_512.png using Guid(f6ea2c105a66ec145949fcdc4727140d) Importer(2089858483,0ecaa5967403d082aa24f35e1b516d23) Generated GUIDs only implemented for interfaces!
 -> (artifact id: 'e1483e61eeb308d4795e8b81b7ba8522') in 0.052829 seconds
Number of updated asset objects reloaded before import = 0
Number of asset objects unloaded after import = 3
========================================================================
Received Import Request.
  Time since last request: 0.000032 seconds.
  path: Assets/Sprites/penguin_render.png
  artifactKey: Guid(35d3362cf8c2a4b3bb49dbda1e578b77) Importer(2089858483,0ecaa5967403d082aa24f35e1b516d23)
Start importing Assets/Sprites/penguin_render.png using Guid(35d3362cf8c2a4b3bb49dbda1e578b77) Importer(2089858483,0ecaa5967403d082aa24f35e1b516d23) Generated GUIDs only implemented for interfaces!
 -> (artifact id: 'b77856eb005abbae6ee86432711ea424') in 0.051826 seconds
Number of updated asset objects reloaded before import = 0
Number of asset objects unloaded after import = 3
========================================================================
Received Import Request.
  Time since last request: 0.000026 seconds.
  path: Assets/Scenes/MainScene/PostProcessing Profile 6.asset
  artifactKey: Guid(0ca97a5adfe2944a19bcd67675f604a6) Importer(2089858483,0ecaa5967403d082aa24f35e1b516d23)
Start importing Assets/Scenes/MainScene/PostProcessing Profile 6.asset using Guid(0ca97a5adfe2944a19bcd67675f604a6) Importer(2089858483,0ecaa5967403d082aa24f35e1b516d23) Generated GUIDs only implemented for interfaces!
 -> (artifact id: '75d16a2d6a73376ec59b6a615eb97c4d') in 0.022573 seconds
Number of updated asset objects reloaded before import = 0
Number of asset objects unloaded after import = 4
========================================================================
Received Import Request.
  Time since last request: 0.000033 seconds.
  path: Assets/TextMesh Pro/Resources/LineBreaking Leading Characters.txt
  artifactKey: Guid(d82c1b31c7e74239bff1220585707d2b) Importer(2089858483,0ecaa5967403d082aa24f35e1b516d23)
Start importing Assets/TextMesh Pro/Resources/LineBreaking Leading Characters.txt using Guid(d82c1b31c7e74239bff1220585707d2b) Importer(2089858483,0ecaa5967403d082aa24f35e1b516d23) Generated GUIDs only implemented for interfaces!
 -> (artifact id: '10ef9fd04d5d65222aead2bd4fd64581') in 0.016226 seconds
Number of updated asset objects reloaded before import = 0
Number of asset objects unloaded after import = 1
========================================================================
Received Import Request.
  Time since last request: 0.000099 seconds.
  path: Assets/TextMesh Pro/Documentation/TextMesh Pro User Guide 2016.pdf
  artifactKey: Guid(1b8d251f9af63b746bf2f7ffe00ebb9b) Importer(2089858483,0ecaa5967403d082aa24f35e1b516d23)
Start importing Assets/TextMesh Pro/Documentation/TextMesh Pro User Guide 2016.pdf using Guid(1b8d251f9af63b746bf2f7ffe00ebb9b) Importer(2089858483,0ecaa5967403d082aa24f35e1b516d23) Generated GUIDs only implemented for interfaces!
 -> (artifact id: 'f2460a277c0abcc4f8fc46353837c165') in 0.014316 seconds
Number of updated asset objects reloaded before import = 0
Number of asset objects unloaded after import = 1
========================================================================
Received Import Request.
  Time since last request: 0.000044 seconds.
  path: Assets/TextMesh Pro/Fonts/LiberationSans.ttf
  artifactKey: Guid(e3265ab4bf004d28a9537516768c1c75) Importer(2089858483,0ecaa5967403d082aa24f35e1b516d23)
Start importing Assets/TextMesh Pro/Fonts/LiberationSans.ttf using Guid(e3265ab4bf004d28a9537516768c1c75) Importer(2089858483,0ecaa5967403d082aa24f35e1b516d23) Generated GUIDs only implemented for interfaces!
 -> (artifact id: '2ccbc12190d2afa3948df0c372e781fd') in 0.037944 seconds
Number of updated asset objects reloaded before import = 0
Number of asset objects unloaded after import = 3
========================================================================
Received Import Request.
  Time since last request: 0.000019 seconds.
  path: Assets/TextMesh Pro/Resources/TMP Settings.asset
  artifactKey: Guid(3f5b5dff67a942289a9defa416b206f3) Importer(2089858483,0ecaa5967403d082aa24f35e1b516d23)
Start importing Assets/TextMesh Pro/Resources/TMP Settings.asset using Guid(3f5b5dff67a942289a9defa416b206f3) Importer(2089858483,0ecaa5967403d082aa24f35e1b516d23) Generated GUIDs only implemented for interfaces!
 -> (artifact id: 'f07b534dec4611260e1d924607e40f13') in 0.064133 seconds
Number of updated asset objects reloaded before import = 0
Number of asset objects unloaded after import = 15
========================================================================
Received Import Request.
  Time since last request: 0.000021 seconds.
  path: Assets/TextMesh Pro/Shaders/TMPro_Mobile.cginc
  artifactKey: Guid(c334973cef89a9840b0b0c507e0377ab) Importer(2089858483,0ecaa5967403d082aa24f35e1b516d23)
Start importing Assets/TextMesh Pro/Shaders/TMPro_Mobile.cginc using Guid(c334973cef89a9840b0b0c507e0377ab) Importer(2089858483,0ecaa5967403d082aa24f35e1b516d23) Generated GUIDs only implemented for interfaces!
 -> (artifact id: 'e12519ed4971526714f90ea68f14071e') in 0.013959 seconds
Number of updated asset objects reloaded before import = 0
Number of asset objects unloaded after import = 1
========================================================================
Received Import Request.
  Time since last request: 0.000018 seconds.
  path: Assets/Sprites/icon_border_snow_512.png
  artifactKey: Guid(38be8e4892f622443bc18baa521bc58f) Importer(2089858483,0ecaa5967403d082aa24f35e1b516d23)
Start importing Assets/Sprites/icon_border_snow_512.png using Guid(38be8e4892f622443bc18baa521bc58f) Importer(2089858483,0ecaa5967403d082aa24f35e1b516d23) Generated GUIDs only implemented for interfaces!
 -> (artifact id: '6ba03a13aec5b6070777642543a9112b') in 0.052026 seconds
Number of updated asset objects reloaded before import = 0
Number of asset objects unloaded after import = 3
========================================================================
Received Import Request.
  Time since last request: 0.000027 seconds.
  path: Assets/Plugins/Android/AndroidManifest.xml
  artifactKey: Guid(1964495614da5da40a9e982ada3b3c37) Importer(2089858483,0ecaa5967403d082aa24f35e1b516d23)
Start importing Assets/Plugins/Android/AndroidManifest.xml using Guid(1964495614da5da40a9e982ada3b3c37) Importer(2089858483,0ecaa5967403d082aa24f35e1b516d23) Generated GUIDs only implemented for interfaces!
 -> (artifact id: '8d8a1b4eedc5768ad8da3c89a68d0f8d') in 0.014759 seconds
Number of updated asset objects reloaded before import = 0
Number of asset objects unloaded after import = 1
========================================================================
Received Import Request.
  Time since last request: 0.000030 seconds.
  path: Assets/Sprites/icon_border_tree_512.png
  artifactKey: Guid(9a6b4f9d6d72a1d458898014c592bace) Importer(2089858483,0ecaa5967403d082aa24f35e1b516d23)
Start importing Assets/Sprites/icon_border_tree_512.png using Guid(9a6b4f9d6d72a1d458898014c592bace) Importer(2089858483,0ecaa5967403d082aa24f35e1b516d23) Generated GUIDs only implemented for interfaces!
 -> (artifact id: 'df4a00d656b59271482b0590961433e5') in 0.060560 seconds
Number of updated asset objects reloaded before import = 0
Number of asset objects unloaded after import = 3
========================================================================
Received Import Request.
  Time since last request: 0.000040 seconds.
  path: Assets/Scenes/MainScene/PostProcessing Profile 2.asset
  artifactKey: Guid(9ad34d0b5adfc4e4dad6a8a6653564db) Importer(2089858483,0ecaa5967403d082aa24f35e1b516d23)
Start importing Assets/Scenes/MainScene/PostProcessing Profile 2.asset using Guid(9ad34d0b5adfc4e4dad6a8a6653564db) Importer(2089858483,0ecaa5967403d082aa24f35e1b516d23) Generated GUIDs only implemented for interfaces!
 -> (artifact id: '526d8018145b3b8b93ab7af849a66f82') in 0.018475 seconds
Number of updated asset objects reloaded before import = 0
Number of asset objects unloaded after import = 4
========================================================================
Received Import Request.
  Time since last request: 0.000027 seconds.
  path: Assets/TextMesh Pro/Resources/LineBreaking Following Characters.txt
  artifactKey: Guid(fade42e8bc714b018fac513c043d323b) Importer(2089858483,0ecaa5967403d082aa24f35e1b516d23)
Start importing Assets/TextMesh Pro/Resources/LineBreaking Following Characters.txt using Guid(fade42e8bc714b018fac513c043d323b) Importer(2089858483,0ecaa5967403d082aa24f35e1b516d23) Generated GUIDs only implemented for interfaces!
 -> (artifact id: 'db40aa7368d2e99b1649711620380f78') in 0.015318 seconds
Number of updated asset objects reloaded before import = 0
Number of asset objects unloaded after import = 1
========================================================================
Received Import Request.
  Time since last request: 0.000043 seconds.
  path: Assets/Sprites/icon_goal_512.png
  artifactKey: Guid(41e69733e3634e5439d5b7341d751eeb) Importer(2089858483,0ecaa5967403d082aa24f35e1b516d23)
Start importing Assets/Sprites/icon_goal_512.png using Guid(41e69733e3634e5439d5b7341d751eeb) Importer(2089858483,0ecaa5967403d082aa24f35e1b516d23) Generated GUIDs only implemented for interfaces!
 -> (artifact id: 'c9bb431d4588032bd5441098b94aaf29') in 0.060209 seconds
Number of updated asset objects reloaded before import = 0
Number of asset objects unloaded after import = 3
========================================================================
Received Import Request.
  Time since last request: 0.000022 seconds.
  path: Assets/TextMesh Pro/Shaders/TMP_SDF-Mobile Overlay.shader
  artifactKey: Guid(a02a7d8c237544f1962732b55a9aebf1) Importer(2089858483,0ecaa5967403d082aa24f35e1b516d23)
Start importing Assets/TextMesh Pro/Shaders/TMP_SDF-Mobile Overlay.shader using Guid(a02a7d8c237544f1962732b55a9aebf1) Importer(2089858483,0ecaa5967403d082aa24f35e1b516d23) Generated GUIDs only implemented for interfaces!
 -> (artifact id: '40550638bce4e5dbf47612f621494abd') in 0.024313 seconds
Number of updated asset objects reloaded before import = 0
Number of asset objects unloaded after import = 1
========================================================================
Received Import Request.
  Time since last request: 0.000034 seconds.
  path: Assets/TextMesh Pro/Resources/Fonts & Materials/LiberationSans SDF Default.mat
  artifactKey: Guid(68ddd75999514e845bc5020311bc99b5) Importer(2089858483,0ecaa5967403d082aa24f35e1b516d23)
Start importing Assets/TextMesh Pro/Resources/Fonts & Materials/LiberationSans SDF Default.mat using Guid(68ddd75999514e845bc5020311bc99b5) Importer(2089858483,0ecaa5967403d082aa24f35e1b516d23) Generated GUIDs only implemented for interfaces!
 -> (artifact id: '20ae5acea163bbdfc32174cd0a2e8adb') in 0.043034 seconds
Number of updated asset objects reloaded before import = 0
Number of asset objects unloaded after import = 2
========================================================================
Received Import Request.
  Time since last request: 0.000018 seconds.
  path: Assets/TextMesh Pro/Shaders/TMP_SDF-Mobile.shader
  artifactKey: Guid(fe393ace9b354375a9cb14cdbbc28be4) Importer(2089858483,0ecaa5967403d082aa24f35e1b516d23)
Start importing Assets/TextMesh Pro/Shaders/TMP_SDF-Mobile.shader using Guid(fe393ace9b354375a9cb14cdbbc28be4) Importer(2089858483,0ecaa5967403d082aa24f35e1b516d23) Generated GUIDs only implemented for interfaces!
 -> (artifact id: '358bdd8730a4c2a2c3f9ed9466f93070') in 0.020022 seconds
Number of updated asset objects reloaded before import = 0
Number of asset objects unloaded after import = 1
========================================================================
Received Import Request.
  Time since last request: 0.000105 seconds.
  path: Assets/Audio/burn_data/e00/d00/e00006ae.au
  artifactKey: Guid(d168929b1123a4e12b3333e091be4e01) Importer(2089858483,0ecaa5967403d082aa24f35e1b516d23)
Start importing Assets/Audio/burn_data/e00/d00/e00006ae.au using Guid(d168929b1123a4e12b3333e091be4e01) Importer(2089858483,0ecaa5967403d082aa24f35e1b516d23) Generated GUIDs only implemented for interfaces!
 -> (artifact id: '643fe048fdc15ba8e748b9af207fcdc5') in 0.012944 seconds
Number of updated asset objects reloaded before import = 0
Number of asset objects unloaded after import = 1
========================================================================
Received Import Request.
  Time since last request: 0.000046 seconds.
  path: Assets/TextMesh Pro/Shaders/TMP_SDF.shader
  artifactKey: Guid(68e6db2ebdc24f95958faec2be5558d6) Importer(2089858483,0ecaa5967403d082aa24f35e1b516d23)
Start importing Assets/TextMesh Pro/Shaders/TMP_SDF.shader using Guid(68e6db2ebdc24f95958faec2be5558d6) Importer(2089858483,0ecaa5967403d082aa24f35e1b516d23) Generated GUIDs only implemented for interfaces!
 -> (artifact id: '5633ca47c7c5cbe2e754730fc5aa9a3a') in 0.023422 seconds
Number of updated asset objects reloaded before import = 0
Number of asset objects unloaded after import = 1
========================================================================
Received Import Request.
  Time since last request: 0.000105 seconds.
  path: Assets/TextMesh Pro/Sprites/EmojiOne.json
  artifactKey: Guid(8f05276190cf498a8153f6cbe761d4e6) Importer(2089858483,0ecaa5967403d082aa24f35e1b516d23)
Start importing Assets/TextMesh Pro/Sprites/EmojiOne.json using Guid(8f05276190cf498a8153f6cbe761d4e6) Importer(2089858483,0ecaa5967403d082aa24f35e1b516d23) Generated GUIDs only implemented for interfaces!
 -> (artifact id: 'cd4a74ae762263aad3d743a49250e199') in 0.013183 seconds
Number of updated asset objects reloaded before import = 0
Number of asset objects unloaded after import = 1
========================================================================
Received Import Request.
  Time since last request: 0.000019 seconds.
  path: Assets/TextMesh Pro/Shaders/TMP_Sprite.shader
  artifactKey: Guid(cf81c85f95fe47e1a27f6ae460cf182c) Importer(2089858483,0ecaa5967403d082aa24f35e1b516d23)
Start importing Assets/TextMesh Pro/Shaders/TMP_Sprite.shader using Guid(cf81c85f95fe47e1a27f6ae460cf182c) Importer(2089858483,0ecaa5967403d082aa24f35e1b516d23) Generated GUIDs only implemented for interfaces!
 -> (artifact id: '7a272673f1a5a329d02e1b2587f6c6ba') in 0.016414 seconds
Number of updated asset objects reloaded before import = 0
Number of asset objects unloaded after import = 1
========================================================================
Received Import Request.
  Time since last request: 0.000137 seconds.
  path: Assets/TextMesh Pro/Shaders/TMP_SDF-Mobile SSD.shader
  artifactKey: Guid(c8d12adcee749c344b8117cf7c7eb912) Importer(2089858483,0ecaa5967403d082aa24f35e1b516d23)
Start importing Assets/TextMesh Pro/Shaders/TMP_SDF-Mobile SSD.shader using Guid(c8d12adcee749c344b8117cf7c7eb912) Importer(2089858483,0ecaa5967403d082aa24f35e1b516d23) Generated GUIDs only implemented for interfaces!
 -> (artifact id: '6a9267983f427b256790aafeaa66b998') in 0.020359 seconds
Number of updated asset objects reloaded before import = 0
Number of asset objects unloaded after import = 1
========================================================================
Received Import Request.
  Time since last request: 0.000020 seconds.
  path: Assets/Animations/Fish_Idle.anim
  artifactKey: Guid(efe3a761f7ec64654baf4207e95881ba) Importer(2089858483,0ecaa5967403d082aa24f35e1b516d23)
Start importing Assets/Animations/Fish_Idle.anim using Guid(efe3a761f7ec64654baf4207e95881ba) Importer(2089858483,0ecaa5967403d082aa24f35e1b516d23) Generated GUIDs only implemented for interfaces!
 -> (artifact id: '70ad5809af346c0b474ffc1d28d627d0') in 0.022557 seconds
Number of updated asset objects reloaded before import = 0
Number of asset objects unloaded after import = 1
========================================================================
Received Import Request.
  Time since last request: 0.000040 seconds.
  path: Assets/Prefabs/player.prefab
  artifactKey: Guid(8e5dccd767a3b4ca3aea61858a4ac34e) Importer(2089858483,0ecaa5967403d082aa24f35e1b516d23)
Start importing Assets/Prefabs/player.prefab using Guid(8e5dccd767a3b4ca3aea61858a4ac34e) Importer(2089858483,0ecaa5967403d082aa24f35e1b516d23) Generated GUIDs only implemented for interfaces!
 -> (artifact id: '7a13490984244f6330a6da50b9360e20') in 0.029615 seconds
Number of updated asset objects reloaded before import = 0
Number of asset objects unloaded after import = 67
========================================================================
Received Import Request.
  Time since last request: 0.000023 seconds.
  path: Assets/Prefabs/ice.prefab
  artifactKey: Guid(a7ac2420035b54c0c9340856d0f605d6) Importer(2089858483,0ecaa5967403d082aa24f35e1b516d23)
Start importing Assets/Prefabs/ice.prefab using Guid(a7ac2420035b54c0c9340856d0f605d6) Importer(2089858483,0ecaa5967403d082aa24f35e1b516d23) Generated GUIDs only implemented for interfaces!
 -> (artifact id: '35d67c5b680bcbd59e68fce4aa9eb361') in 0.017864 seconds
Number of updated asset objects reloaded before import = 0
Number of asset objects unloaded after import = 22
========================================================================
Received Import Request.
  Time since last request: 0.000020 seconds.
  path: Assets/Pictures/fire_sprites.xcf
  artifactKey: Guid(bc2ef2f161d08408aa343341a21fe20a) Importer(2089858483,0ecaa5967403d082aa24f35e1b516d23)
Start importing Assets/Pictures/fire_sprites.xcf using Guid(bc2ef2f161d08408aa343341a21fe20a) Importer(2089858483,0ecaa5967403d082aa24f35e1b516d23) Generated GUIDs only implemented for interfaces!
 -> (artifact id: 'cfbeb688180899a9d00d3af35cda0099') in 0.015210 seconds
Number of updated asset objects reloaded before import = 0
Number of asset objects unloaded after import = 1
========================================================================
Received Import Request.
  Time since last request: 0.000040 seconds.
  path: Assets/Scenes/MainScene/PostProcessing Profile 1.asset
  artifactKey: Guid(a33f5532a3a2f455a8b81943192a6273) Importer(2089858483,0ecaa5967403d082aa24f35e1b516d23)
Start importing Assets/Scenes/MainScene/PostProcessing Profile 1.asset using Guid(a33f5532a3a2f455a8b81943192a6273) Importer(2089858483,0ecaa5967403d082aa24f35e1b516d23) Generated GUIDs only implemented for interfaces!
 -> (artifact id: '1f979132516a7bedf06d4f3d7bd73678') in 0.014080 seconds
Number of updated asset objects reloaded before import = 0
Number of asset objects unloaded after import = 4
========================================================================
Received Import Request.
  Time since last request: 0.000023 seconds.
  path: Assets/Prefabs/tree.prefab
  artifactKey: Guid(dca460d8d08864da9843ee6ba7e55162) Importer(2089858483,0ecaa5967403d082aa24f35e1b516d23)
Start importing Assets/Prefabs/tree.prefab using Guid(dca460d8d08864da9843ee6ba7e55162) Importer(2089858483,0ecaa5967403d082aa24f35e1b516d23) Generated GUIDs only implemented for interfaces!
 -> (artifact id: '5718829e3b561f5b371fb7d36cbe680d') in 0.019261 seconds
Number of updated asset objects reloaded before import = 0
Number of asset objects unloaded after import = 28
========================================================================
Received Import Request.
  Time since last request: 0.000034 seconds.
  path: Assets/Audio/whoops_data/e00/d00/e000012d.au
  artifactKey: Guid(617a80486845d47fe9b2cc83f95d326f) Importer(2089858483,0ecaa5967403d082aa24f35e1b516d23)
Start importing Assets/Audio/whoops_data/e00/d00/e000012d.au using Guid(617a80486845d47fe9b2cc83f95d326f) Importer(2089858483,0ecaa5967403d082aa24f35e1b516d23) Generated GUIDs only implemented for interfaces!
 -> (artifact id: '15e55e0f579083b2b6553abeb6e7b13d') in 0.013012 seconds
Number of updated asset objects reloaded before import = 0
Number of asset objects unloaded after import = 1
========================================================================
Received Import Request.
  Time since last request: 0.000046 seconds.
  path: Assets/Audio/theme_data/e00/d00/e00003fc.au
  artifactKey: Guid(b7c04394111da4f89b78984137bbf904) Importer(2089858483,0ecaa5967403d082aa24f35e1b516d23)
Start importing Assets/Audio/theme_data/e00/d00/e00003fc.au using Guid(b7c04394111da4f89b78984137bbf904) Importer(2089858483,0ecaa5967403d082aa24f35e1b516d23) Generated GUIDs only implemented for interfaces!
 -> (artifact id: 'a0f214dfaf622bb45c3c82fc60849940') in 0.011084 seconds
Number of updated asset objects reloaded before import = 0
Number of asset objects unloaded after import = 1
========================================================================
Received Import Request.
  Time since last request: 0.000061 seconds.
  path: Assets/Audio/walk_data/e00/d00/e0000e1d.au
  artifactKey: Guid(2aa89c15ed46645d3be4a57fb30b2e47) Importer(2089858483,0ecaa5967403d082aa24f35e1b516d23)
Start importing Assets/Audio/walk_data/e00/d00/e0000e1d.au using Guid(2aa89c15ed46645d3be4a57fb30b2e47) Importer(2089858483,0ecaa5967403d082aa24f35e1b516d23) Generated GUIDs only implemented for interfaces!
 -> (artifact id: 'e302c7d7e784cf15fde7540510bde457') in 0.011400 seconds
Number of updated asset objects reloaded before import = 0
Number of asset objects unloaded after import = 1
========================================================================
Received Import Request.
  Time since last request: 0.000019 seconds.
  path: Assets/Icons/icon_arrow_up_512.xcf
  artifactKey: Guid(05537a3fa130eb246ab455a6a9834475) Importer(2089858483,0ecaa5967403d082aa24f35e1b516d23)
Start importing Assets/Icons/icon_arrow_up_512.xcf using Guid(05537a3fa130eb246ab455a6a9834475) Importer(2089858483,0ecaa5967403d082aa24f35e1b516d23) Generated GUIDs only implemented for interfaces!
 -> (artifact id: '9777ba8285e59595e7fae3048e875163') in 0.011798 seconds
Number of updated asset objects reloaded before import = 0
Number of asset objects unloaded after import = 1
========================================================================
Received Import Request.
  Time since last request: 0.000126 seconds.
  path: Assets/Textures/snowfalling.png
  artifactKey: Guid(3990cc3327cba4ce0927ca8a6ed55156) Importer(2089858483,0ecaa5967403d082aa24f35e1b516d23)
Start importing Assets/Textures/snowfalling.png using Guid(3990cc3327cba4ce0927ca8a6ed55156) Importer(2089858483,0ecaa5967403d082aa24f35e1b516d23) Generated GUIDs only implemented for interfaces!
 -> (artifact id: '7bc2f3554543e313a5b12e9477b8edce') in 0.047607 seconds
Number of updated asset objects reloaded before import = 0
Number of asset objects unloaded after import = 1
========================================================================
Received Import Request.
  Time since last request: 0.000058 seconds.
  path: Assets/Sprites/icon_border_icaball_512.png
  artifactKey: Guid(c21c2ad6b73498249be0d297861718ab) Importer(2089858483,0ecaa5967403d082aa24f35e1b516d23)
Start importing Assets/Sprites/icon_border_icaball_512.png using Guid(c21c2ad6b73498249be0d297861718ab) Importer(2089858483,0ecaa5967403d082aa24f35e1b516d23) Generated GUIDs only implemented for interfaces!
 -> (artifact id: 'dbef7d2d8fbcbbcfc83a667543ca42a5') in 0.059955 seconds
Number of updated asset objects reloaded before import = 0
Number of asset objects unloaded after import = 3
========================================================================
Received Import Request.
  Time since last request: 0.000037 seconds.
  path: Assets/Textures/icon_rounded_border_512.png
  artifactKey: Guid(3809ba2bae8b02d478f6ba81410e99ba) Importer(2089858483,0ecaa5967403d082aa24f35e1b516d23)
Start importing Assets/Textures/icon_rounded_border_512.png using Guid(3809ba2bae8b02d478f6ba81410e99ba) Importer(2089858483,0ecaa5967403d082aa24f35e1b516d23) Generated GUIDs only implemented for interfaces!
 -> (artifact id: 'abeef3afdcacb904bfc94561383d77ea') in 0.052551 seconds
Number of updated asset objects reloaded before import = 0
Number of asset objects unloaded after import = 1
========================================================================
Received Import Request.
  Time since last request: 0.000128 seconds.
  path: Assets/UniClipboard/Plugins/iOS/Clipper.m
  artifactKey: Guid(de226a7508d1e4e7a89f79eb8a635b79) Importer(2089858483,0ecaa5967403d082aa24f35e1b516d23)
Start importing Assets/UniClipboard/Plugins/iOS/Clipper.m using Guid(de226a7508d1e4e7a89f79eb8a635b79) Importer(2089858483,0ecaa5967403d082aa24f35e1b516d23) Generated GUIDs only implemented for interfaces!
 -> (artifact id: '91e06b009823be0b52edcb6cf68e0965') in 0.024818 seconds
Number of updated asset objects reloaded before import = 0
Number of asset objects unloaded after import = 1
========================================================================
Received Import Request.
  Time since last request: 0.000032 seconds.
  path: Assets/Audio/crack.mp3
  artifactKey: Guid(ba66849d4f45e4e32ada40c262a4dd84) Importer(2089858483,0ecaa5967403d082aa24f35e1b516d23)
Start importing Assets/Audio/crack.mp3 using Guid(ba66849d4f45e4e32ada40c262a4dd84) Importer(2089858483,0ecaa5967403d082aa24f35e1b516d23) Generated GUIDs only implemented for interfaces!
 -> (artifact id: 'b50b4c1d3d92f14dbd03d6848dc2b4a2') in 0.079353 seconds
Number of updated asset objects reloaded before import = 0
Number of asset objects unloaded after import = 1
========================================================================
Received Import Request.
  Time since last request: 0.000079 seconds.
  path: Assets/Blender/penguin_texture.png
  artifactKey: Guid(276dcf2b91bb5444e8de355a0e77deec) Importer(2089858483,0ecaa5967403d082aa24f35e1b516d23)
Start importing Assets/Blender/penguin_texture.png using Guid(276dcf2b91bb5444e8de355a0e77deec) Importer(2089858483,0ecaa5967403d082aa24f35e1b516d23) Generated GUIDs only implemented for interfaces!
 -> (artifact id: 'fc31b48e08b6bb64d29c0c68f1407de9') in 0.053900 seconds
Number of updated asset objects reloaded before import = 0
Number of asset objects unloaded after import = 1
========================================================================
Received Import Request.
  Time since last request: 0.000027 seconds.
  path: Assets/Animators/Ball Animator.controller
  artifactKey: Guid(710f0321128a1433c8ec5f132549d01b) Importer(2089858483,0ecaa5967403d082aa24f35e1b516d23)
Start importing Assets/Animators/Ball Animator.controller using Guid(710f0321128a1433c8ec5f132549d01b) Importer(2089858483,0ecaa5967403d082aa24f35e1b516d23) Generated GUIDs only implemented for interfaces!
 -> (artifact id: 'a3ab2fd8619301749b2257f5e8723a42') in 0.012956 seconds
Number of updated asset objects reloaded before import = 0
Number of asset objects unloaded after import = 13
========================================================================
Received Import Request.
  Time since last request: 0.000030 seconds.
  path: Assets/Scripts/PlayerController.cs
  artifactKey: Guid(716111aa9566d48528b65295c601a6f1) Importer(2089858483,0ecaa5967403d082aa24f35e1b516d23)
Start importing Assets/Scripts/PlayerController.cs using Guid(716111aa9566d48528b65295c601a6f1) Importer(2089858483,0ecaa5967403d082aa24f35e1b516d23) Generated GUIDs only implemented for interfaces!
 -> (artifact id: '8fcc25e8d81ddb72d8de7f3ae1411c68') in 0.016356 seconds
Number of updated asset objects reloaded before import = 0
Number of asset objects unloaded after import = 1
========================================================================
Received Import Request.
  Time since last request: 0.000032 seconds.
  path: Assets/Prefabs/Example Objects.prefab
  artifactKey: Guid(3ed98b82506664f81985bd1c4afeebd3) Importer(2089858483,0ecaa5967403d082aa24f35e1b516d23)
Start importing Assets/Prefabs/Example Objects.prefab using Guid(3ed98b82506664f81985bd1c4afeebd3) Importer(2089858483,0ecaa5967403d082aa24f35e1b516d23) Generated GUIDs only implemented for interfaces!
 -> (artifact id: 'b46e9ad4057cb71f6fd9b071d62f0f83') in 0.032243 seconds
Number of updated asset objects reloaded before import = 0
Number of asset objects unloaded after import = 249
========================================================================
Received Import Request.
  Time since last request: 0.000022 seconds.
  path: Assets/Blender/wood.blend
  artifactKey: Guid(9ace2bcd5f3704c22a7e2aaba441912a) Importer(2089858483,0ecaa5967403d082aa24f35e1b516d23)
Start importing Assets/Blender/wood.blend using Guid(9ace2bcd5f3704c22a7e2aaba441912a) Importer(2089858483,0ecaa5967403d082aa24f35e1b516d23) Generated GUIDs only implemented for interfaces!
 -> (artifact id: '99edb422d10864e145c8e2036580224d') in 0.054226 seconds
Number of updated asset objects reloaded before import = 0
Number of asset objects unloaded after import = 10
========================================================================
Received Import Request.
  Time since last request: 0.000024 seconds.
  path: Assets/Prefabs/Fish.prefab
  artifactKey: Guid(114a3b38e3bf749c198b1b0730a3dfe3) Importer(2089858483,0ecaa5967403d082aa24f35e1b516d23)
Start importing Assets/Prefabs/Fish.prefab using Guid(114a3b38e3bf749c198b1b0730a3dfe3) Importer(2089858483,0ecaa5967403d082aa24f35e1b516d23) Generated GUIDs only implemented for interfaces!
 -> (artifact id: 'db0a87ccfb47480605882654703ac1d2') in 0.020034 seconds
Number of updated asset objects reloaded before import = 0
Number of asset objects unloaded after import = 49
========================================================================
Received Import Request.
  Time since last request: 0.000021 seconds.
  path: Assets/Prefabs/fire.prefab
  artifactKey: Guid(0a471d706a0d34eb6a4579346f73716d) Importer(2089858483,0ecaa5967403d082aa24f35e1b516d23)
Start importing Assets/Prefabs/fire.prefab using Guid(0a471d706a0d34eb6a4579346f73716d) Importer(2089858483,0ecaa5967403d082aa24f35e1b516d23) Generated GUIDs only implemented for interfaces!
 -> (artifact id: '7e70d92240c0400dd7c1be8ccda3096b') in 0.021518 seconds
Number of updated asset objects reloaded before import = 0
Number of asset objects unloaded after import = 48
========================================================================
Received Import Request.
  Time since last request: 0.000020 seconds.
  path: Assets/Blender/Materials/treematerial.mat
  artifactKey: Guid(cda5c92329733014bac5adebf594e30c) Importer(2089858483,0ecaa5967403d082aa24f35e1b516d23)
Start importing Assets/Blender/Materials/treematerial.mat using Guid(cda5c92329733014bac5adebf594e30c) Importer(2089858483,0ecaa5967403d082aa24f35e1b516d23) Generated GUIDs only implemented for interfaces!
 -> (artifact id: '7968aaac5b78fcf48e1a951147f10e86') in 0.068499 seconds
Number of updated asset objects reloaded before import = 0
Number of asset objects unloaded after import = 1
========================================================================
Received Import Request.
  Time since last request: 0.000024 seconds.
  path: Assets/Scripts/TutorialController.cs
  artifactKey: Guid(39d13565f0ce01a4ea52346395c76403) Importer(2089858483,0ecaa5967403d082aa24f35e1b516d23)
Start importing Assets/Scripts/TutorialController.cs using Guid(39d13565f0ce01a4ea52346395c76403) Importer(2089858483,0ecaa5967403d082aa24f35e1b516d23) Generated GUIDs only implemented for interfaces!
 -> (artifact id: '9b23ba41834d71dafd6b44c070e4395b') in 0.015651 seconds
Number of updated asset objects reloaded before import = 0
Number of asset objects unloaded after import = 1
========================================================================
Received Import Request.
  Time since last request: 0.000030 seconds.
  path: Assets/TextMesh Pro/Fonts/LiberationSans - OFL.txt
  artifactKey: Guid(6e59c59b81ab47f9b6ec5781fa725d2c) Importer(2089858483,0ecaa5967403d082aa24f35e1b516d23)
Start importing Assets/TextMesh Pro/Fonts/LiberationSans - OFL.txt using Guid(6e59c59b81ab47f9b6ec5781fa725d2c) Importer(2089858483,0ecaa5967403d082aa24f35e1b516d23) Generated GUIDs only implemented for interfaces!
 -> (artifact id: '64c8621d0fd02ff2d1276440264358ce') in 0.015076 seconds
Number of updated asset objects reloaded before import = 0
Number of asset objects unloaded after import = 1
========================================================================
Received Import Request.
  Time since last request: 0.000134 seconds.
  path: Assets/TextMesh Pro/Shaders/TMP_SDF-Surface-Mobile.shader
  artifactKey: Guid(85187c2149c549c5b33f0cdb02836b17) Importer(2089858483,0ecaa5967403d082aa24f35e1b516d23)
Start importing Assets/TextMesh Pro/Shaders/TMP_SDF-Surface-Mobile.shader using Guid(85187c2149c549c5b33f0cdb02836b17) Importer(2089858483,0ecaa5967403d082aa24f35e1b516d23) Generated GUIDs only implemented for interfaces!
 -> (artifact id: 'aca80b042ca1732d90bcd302688d598c') in 0.021608 seconds
Number of updated asset objects reloaded before import = 0
Number of asset objects unloaded after import = 1
========================================================================
Received Import Request.
  Time since last request: 0.000073 seconds.
  path: Assets/Blender/crack.blend
  artifactKey: Guid(58dd9df8bb2404ee78c7ba645ebc5799) Importer(2089858483,0ecaa5967403d082aa24f35e1b516d23)
Start importing Assets/Blender/crack.blend using Guid(58dd9df8bb2404ee78c7ba645ebc5799) Importer(2089858483,0ecaa5967403d082aa24f35e1b516d23) Generated GUIDs only implemented for interfaces!
 -> (artifact id: '47594d066e2c5d9e490ac5e55fbdf4d6') in 0.047866 seconds
Number of updated asset objects reloaded before import = 0
Number of asset objects unloaded after import = 9
========================================================================
Received Import Request.
  Time since last request: 0.000020 seconds.
  path: Assets/UniClipboard/UniClipboard.cs
  artifactKey: Guid(d6fa42cf8729b440cb2b09608c1dfa76) Importer(2089858483,0ecaa5967403d082aa24f35e1b516d23)
Start importing Assets/UniClipboard/UniClipboard.cs using Guid(d6fa42cf8729b440cb2b09608c1dfa76) Importer(2089858483,0ecaa5967403d082aa24f35e1b516d23) Generated GUIDs only implemented for interfaces!
 -> (artifact id: '6357fd814ffa56c339e817692dabcc4a') in 0.012827 seconds
Number of updated asset objects reloaded before import = 0
Number of asset objects unloaded after import = 1
Editor requested this worker to shutdown with reason: Scaling down because of idle timeout
TcpMessagingSession - receive error: operation aborted. errorcode: 995, details: The I/O operation has been aborted because of either a thread exit or an application request.
AssetImportWorker is now disconnected from the server
Process exiting
Exiting without the bug reporter. Application will terminate with return code 0